This is pdfTeX, Version 3.14159265-2.6-1.40.21 (TeX Live 2020/Arch Linux) (preloaded format=pdflatex 2020.10.29)  31 OCT 2020 06:37
entering extended mode
 restricted \write18 enabled.
 %&-line parsing enabled.
**foss-for-online-teaching.tex
(./foss-for-online-teaching.tex
LaTeX2e <2020-02-02> patch level 5
L3 programming layer <2020-06-03>
(/usr/share/texmf-dist/tex/latex/beamer/beamer.cls
Document Class: beamer 2020/05/06 v3.58 A class for typesetting presentations
(/usr/share/texmf-dist/tex/latex/beamer/beamerbasemodes.sty
(/usr/share/texmf-dist/tex/latex/etoolbox/etoolbox.sty
Package: etoolbox 2019/09/21 v2.5h e-TeX tools for LaTeX (JAW)
\etb@tempcnta=\count167
)
\beamer@tempbox=\box45
\beamer@tempcount=\count168
\c@beamerpauses=\count169

(/usr/share/texmf-dist/tex/latex/beamer/beamerbasedecode.sty
\beamer@slideinframe=\count170
\beamer@minimum=\count171
\beamer@decode@box=\box46
)
\beamer@commentbox=\box47
\beamer@modecount=\count172
)
(/usr/share/texmf-dist/tex/generic/iftex/ifpdf.sty
Package: ifpdf 2019/10/25 v3.4 ifpdf legacy package. Use iftex instead.

(/usr/share/texmf-dist/tex/generic/iftex/iftex.sty
Package: iftex 2020/03/06 v1.0d TeX engine tests
))
\headdp=\dimen134
\footheight=\dimen135
\sidebarheight=\dimen136
\beamer@tempdim=\dimen137
\beamer@finalheight=\dimen138
\beamer@animht=\dimen139
\beamer@animdp=\dimen140
\beamer@animwd=\dimen141
\beamer@leftmargin=\dimen142
\beamer@rightmargin=\dimen143
\beamer@leftsidebar=\dimen144
\beamer@rightsidebar=\dimen145
\beamer@boxsize=\dimen146
\beamer@vboxoffset=\dimen147
\beamer@descdefault=\dimen148
\beamer@descriptionwidth=\dimen149
\beamer@lastskip=\skip47
\beamer@areabox=\box48
\beamer@animcurrent=\box49
\beamer@animshowbox=\box50
\beamer@sectionbox=\box51
\beamer@logobox=\box52
\beamer@linebox=\box53
\beamer@sectioncount=\count173
\beamer@subsubsectionmax=\count174
\beamer@subsectionmax=\count175
\beamer@sectionmax=\count176
\beamer@totalheads=\count177
\beamer@headcounter=\count178
\beamer@partstartpage=\count179
\beamer@sectionstartpage=\count180
\beamer@subsectionstartpage=\count181
\beamer@animationtempa=\count182
\beamer@animationtempb=\count183
\beamer@xpos=\count184
\beamer@ypos=\count185
\beamer@ypos@offset=\count186
\beamer@showpartnumber=\count187
\beamer@currentsubsection=\count188
\beamer@coveringdepth=\count189
\beamer@sectionadjust=\count190
\beamer@tocsectionnumber=\count191

(/usr/share/texmf-dist/tex/latex/beamer/beamerbaseoptions.sty
(/usr/share/texmf-dist/tex/latex/graphics/keyval.sty
Package: keyval 2014/10/28 v1.15 key=value parser (DPC)
\KV@toks@=\toks15
))
\beamer@paperwidth=\skip48
\beamer@paperheight=\skip49

(/usr/share/texmf-dist/tex/latex/geometry/geometry.sty
Package: geometry 2020/01/02 v5.9 Page Geometry

(/usr/share/texmf-dist/tex/generic/iftex/ifvtex.sty
Package: ifvtex 2019/10/25 v1.7 ifvtex legacy package. Use iftex instead.
)
\Gm@cnth=\count192
\Gm@cntv=\count193
\c@Gm@tempcnt=\count194
\Gm@bindingoffset=\dimen150
\Gm@wd@mp=\dimen151
\Gm@odd@mp=\dimen152
\Gm@even@mp=\dimen153
\Gm@layoutwidth=\dimen154
\Gm@layoutheight=\dimen155
\Gm@layouthoffset=\dimen156
\Gm@layoutvoffset=\dimen157
\Gm@dimlist=\toks16
)
(/usr/share/texmf-dist/tex/latex/extsizes/size17.clo
File: size17.clo 1999/11/11 NON-Standard LaTeX file (size option)
)
(/usr/share/texmf-dist/tex/latex/pgf/basiclayer/pgfcore.sty
(/usr/share/texmf-dist/tex/latex/graphics/graphicx.sty
Package: graphicx 2019/11/30 v1.2a Enhanced LaTeX Graphics (DPC,SPQR)

(/usr/share/texmf-dist/tex/latex/graphics/graphics.sty
Package: graphics 2019/11/30 v1.4a Standard LaTeX Graphics (DPC,SPQR)

(/usr/share/texmf-dist/tex/latex/graphics/trig.sty
Package: trig 2016/01/03 v1.10 sin cos tan (DPC)
)
(/usr/share/texmf-dist/tex/latex/graphics-cfg/graphics.cfg
File: graphics.cfg 2016/06/04 v1.11 sample graphics configuration
)
Package graphics Info: Driver file: pdftex.def on input line 105.

(/usr/share/texmf-dist/tex/latex/graphics-def/pdftex.def
File: pdftex.def 2018/01/08 v1.0l Graphics/color driver for pdftex
))
\Gin@req@height=\dimen158
\Gin@req@width=\dimen159
)
(/usr/share/texmf-dist/tex/latex/pgf/systemlayer/pgfsys.sty
(/usr/share/texmf-dist/tex/latex/pgf/utilities/pgfrcs.sty
(/usr/share/texmf-dist/tex/generic/pgf/utilities/pgfutil-common.tex
\pgfutil@everybye=\toks17
\pgfutil@tempdima=\dimen160
\pgfutil@tempdimb=\dimen161

(/usr/share/texmf-dist/tex/generic/pgf/utilities/pgfutil-common-lists.tex))
(/usr/share/texmf-dist/tex/generic/pgf/utilities/pgfutil-latex.def
\pgfutil@abb=\box54

(/usr/share/texmf-dist/tex/latex/ms/everyshi.sty
Package: everyshi 2001/05/15 v3.00 EveryShipout Package (MS)
))
(/usr/share/texmf-dist/tex/generic/pgf/utilities/pgfrcs.code.tex
(/usr/share/texmf-dist/tex/generic/pgf/pgf.revision.tex)
Package: pgfrcs 2020/01/08 v3.1.5b (3.1.5b)
))
(/usr/share/texmf-dist/tex/generic/pgf/systemlayer/pgfsys.code.tex
Package: pgfsys 2020/01/08 v3.1.5b (3.1.5b)

(/usr/share/texmf-dist/tex/generic/pgf/utilities/pgfkeys.code.tex
\pgfkeys@pathtoks=\toks18
\pgfkeys@temptoks=\toks19

(/usr/share/texmf-dist/tex/generic/pgf/utilities/pgfkeysfiltered.code.tex
\pgfkeys@tmptoks=\toks20
))
\pgf@x=\dimen162
\pgf@y=\dimen163
\pgf@xa=\dimen164
\pgf@ya=\dimen165
\pgf@xb=\dimen166
\pgf@yb=\dimen167
\pgf@xc=\dimen168
\pgf@yc=\dimen169
\pgf@xd=\dimen170
\pgf@yd=\dimen171
\w@pgf@writea=\write3
\r@pgf@reada=\read2
\c@pgf@counta=\count195
\c@pgf@countb=\count196
\c@pgf@countc=\count197
\c@pgf@countd=\count198
\t@pgf@toka=\toks21
\t@pgf@tokb=\toks22
\t@pgf@tokc=\toks23
\pgf@sys@id@count=\count199

(/usr/share/texmf-dist/tex/generic/pgf/systemlayer/pgf.cfg
File: pgf.cfg 2020/01/08 v3.1.5b (3.1.5b)
)
Driver file for pgf: pgfsys-pdftex.def

(/usr/share/texmf-dist/tex/generic/pgf/systemlayer/pgfsys-pdftex.def
File: pgfsys-pdftex.def 2020/01/08 v3.1.5b (3.1.5b)

(/usr/share/texmf-dist/tex/generic/pgf/systemlayer/pgfsys-common-pdf.def
File: pgfsys-common-pdf.def 2020/01/08 v3.1.5b (3.1.5b)
)))
(/usr/share/texmf-dist/tex/generic/pgf/systemlayer/pgfsyssoftpath.code.tex
File: pgfsyssoftpath.code.tex 2020/01/08 v3.1.5b (3.1.5b)
\pgfsyssoftpath@smallbuffer@items=\count266
\pgfsyssoftpath@bigbuffer@items=\count267
)
(/usr/share/texmf-dist/tex/generic/pgf/systemlayer/pgfsysprotocol.code.tex
File: pgfsysprotocol.code.tex 2020/01/08 v3.1.5b (3.1.5b)
))
(/usr/share/texmf-dist/tex/latex/xcolor/xcolor.sty
Package: xcolor 2016/05/11 v2.12 LaTeX color extensions (UK)

(/usr/share/texmf-dist/tex/latex/graphics-cfg/color.cfg
File: color.cfg 2016/01/02 v1.6 sample color configuration
)
Package xcolor Info: Driver file: pdftex.def on input line 225.
Package xcolor Info: Model `cmy' substituted by `cmy0' on input line 1348.
Package xcolor Info: Model `hsb' substituted by `rgb' on input line 1352.
Package xcolor Info: Model `RGB' extended on input line 1364.
Package xcolor Info: Model `HTML' substituted by `rgb' on input line 1366.
Package xcolor Info: Model `Hsb' substituted by `hsb' on input line 1367.
Package xcolor Info: Model `tHsb' substituted by `hsb' on input line 1368.
Package xcolor Info: Model `HSB' substituted by `hsb' on input line 1369.
Package xcolor Info: Model `Gray' substituted by `gray' on input line 1370.
Package xcolor Info: Model `wave' substituted by `hsb' on input line 1371.
)
(/usr/share/texmf-dist/tex/generic/pgf/basiclayer/pgfcore.code.tex
Package: pgfcore 2020/01/08 v3.1.5b (3.1.5b)

(/usr/share/texmf-dist/tex/generic/pgf/math/pgfmath.code.tex
(/usr/share/texmf-dist/tex/generic/pgf/math/pgfmathcalc.code.tex
(/usr/share/texmf-dist/tex/generic/pgf/math/pgfmathutil.code.tex)
(/usr/share/texmf-dist/tex/generic/pgf/math/pgfmathparser.code.tex
\pgfmath@dimen=\dimen172
\pgfmath@count=\count268
\pgfmath@box=\box55
\pgfmath@toks=\toks24
\pgfmath@stack@operand=\toks25
\pgfmath@stack@operation=\toks26
)
(/usr/share/texmf-dist/tex/generic/pgf/math/pgfmathfunctions.code.tex
(/usr/share/texmf-dist/tex/generic/pgf/math/pgfmathfunctions.basic.code.tex)
(/usr/share/texmf-dist/tex/generic/pgf/math/pgfmathfunctions.trigonometric.code
.tex)
(/usr/share/texmf-dist/tex/generic/pgf/math/pgfmathfunctions.random.code.tex)
(/usr/share/texmf-dist/tex/generic/pgf/math/pgfmathfunctions.comparison.code.te
x) (/usr/share/texmf-dist/tex/generic/pgf/math/pgfmathfunctions.base.code.tex)
(/usr/share/texmf-dist/tex/generic/pgf/math/pgfmathfunctions.round.code.tex)
(/usr/share/texmf-dist/tex/generic/pgf/math/pgfmathfunctions.misc.code.tex)
(/usr/share/texmf-dist/tex/generic/pgf/math/pgfmathfunctions.integerarithmetics
.code.tex))) (/usr/share/texmf-dist/tex/generic/pgf/math/pgfmathfloat.code.tex
\c@pgfmathroundto@lastzeros=\count269
)) (/usr/share/texmf-dist/tex/generic/pgf/math/pgfint.code.tex)
(/usr/share/texmf-dist/tex/generic/pgf/basiclayer/pgfcorepoints.code.tex
File: pgfcorepoints.code.tex 2020/01/08 v3.1.5b (3.1.5b)
\pgf@picminx=\dimen173
\pgf@picmaxx=\dimen174
\pgf@picminy=\dimen175
\pgf@picmaxy=\dimen176
\pgf@pathminx=\dimen177
\pgf@pathmaxx=\dimen178
\pgf@pathminy=\dimen179
\pgf@pathmaxy=\dimen180
\pgf@xx=\dimen181
\pgf@xy=\dimen182
\pgf@yx=\dimen183
\pgf@yy=\dimen184
\pgf@zx=\dimen185
\pgf@zy=\dimen186
)
(/usr/share/texmf-dist/tex/generic/pgf/basiclayer/pgfcorepathconstruct.code.tex
File: pgfcorepathconstruct.code.tex 2020/01/08 v3.1.5b (3.1.5b)
\pgf@path@lastx=\dimen187
\pgf@path@lasty=\dimen188
) (/usr/share/texmf-dist/tex/generic/pgf/basiclayer/pgfcorepathusage.code.tex
File: pgfcorepathusage.code.tex 2020/01/08 v3.1.5b (3.1.5b)
\pgf@shorten@end@additional=\dimen189
\pgf@shorten@start@additional=\dimen190
)
(/usr/share/texmf-dist/tex/generic/pgf/basiclayer/pgfcorescopes.code.tex
File: pgfcorescopes.code.tex 2020/01/08 v3.1.5b (3.1.5b)
\pgfpic=\box56
\pgf@hbox=\box57
\pgf@layerbox@main=\box58
\pgf@picture@serial@count=\count270
)
(/usr/share/texmf-dist/tex/generic/pgf/basiclayer/pgfcoregraphicstate.code.tex
File: pgfcoregraphicstate.code.tex 2020/01/08 v3.1.5b (3.1.5b)
\pgflinewidth=\dimen191
)
(/usr/share/texmf-dist/tex/generic/pgf/basiclayer/pgfcoretransformations.code.t
ex
File: pgfcoretransformations.code.tex 2020/01/08 v3.1.5b (3.1.5b)
\pgf@pt@x=\dimen192
\pgf@pt@y=\dimen193
\pgf@pt@temp=\dimen194
) (/usr/share/texmf-dist/tex/generic/pgf/basiclayer/pgfcorequick.code.tex
File: pgfcorequick.code.tex 2020/01/08 v3.1.5b (3.1.5b)
)
(/usr/share/texmf-dist/tex/generic/pgf/basiclayer/pgfcoreobjects.code.tex
File: pgfcoreobjects.code.tex 2020/01/08 v3.1.5b (3.1.5b)
)
(/usr/share/texmf-dist/tex/generic/pgf/basiclayer/pgfcorepathprocessing.code.te
x
File: pgfcorepathprocessing.code.tex 2020/01/08 v3.1.5b (3.1.5b)
) (/usr/share/texmf-dist/tex/generic/pgf/basiclayer/pgfcorearrows.code.tex
File: pgfcorearrows.code.tex 2020/01/08 v3.1.5b (3.1.5b)
\pgfarrowsep=\dimen195
)
(/usr/share/texmf-dist/tex/generic/pgf/basiclayer/pgfcoreshade.code.tex
File: pgfcoreshade.code.tex 2020/01/08 v3.1.5b (3.1.5b)
\pgf@max=\dimen196
\pgf@sys@shading@range@num=\count271
\pgf@shadingcount=\count272
)
(/usr/share/texmf-dist/tex/generic/pgf/basiclayer/pgfcoreimage.code.tex
File: pgfcoreimage.code.tex 2020/01/08 v3.1.5b (3.1.5b)

(/usr/share/texmf-dist/tex/generic/pgf/basiclayer/pgfcoreexternal.code.tex
File: pgfcoreexternal.code.tex 2020/01/08 v3.1.5b (3.1.5b)
\pgfexternal@startupbox=\box59
))
(/usr/share/texmf-dist/tex/generic/pgf/basiclayer/pgfcorelayers.code.tex
File: pgfcorelayers.code.tex 2020/01/08 v3.1.5b (3.1.5b)
)
(/usr/share/texmf-dist/tex/generic/pgf/basiclayer/pgfcoretransparency.code.tex
File: pgfcoretransparency.code.tex 2020/01/08 v3.1.5b (3.1.5b)
) (/usr/share/texmf-dist/tex/generic/pgf/basiclayer/pgfcorepatterns.code.tex
File: pgfcorepatterns.code.tex 2020/01/08 v3.1.5b (3.1.5b)
)
(/usr/share/texmf-dist/tex/generic/pgf/basiclayer/pgfcorerdf.code.tex
File: pgfcorerdf.code.tex 2020/01/08 v3.1.5b (3.1.5b)
)))
(/usr/share/texmf-dist/tex/latex/pgf/utilities/xxcolor.sty
Package: xxcolor 2003/10/24 ver 0.1
\XC@nummixins=\count273
\XC@countmixins=\count274
)
(/usr/share/texmf-dist/tex/generic/atbegshi/atbegshi.sty
Package: atbegshi 2019/12/05 v1.19 At begin shipout hook (HO)

(/usr/share/texmf-dist/tex/generic/infwarerr/infwarerr.sty
Package: infwarerr 2019/12/03 v1.5 Providing info/warning/error messages (HO)
)
(/usr/share/texmf-dist/tex/generic/ltxcmds/ltxcmds.sty
Package: ltxcmds 2019/12/15 v1.24 LaTeX kernel commands for general use (HO)
))
(/usr/share/texmf-dist/tex/latex/hyperref/hyperref.sty
Package: hyperref 2020-05-15 v7.00e Hypertext links for LaTeX

(/usr/share/texmf-dist/tex/latex/pdftexcmds/pdftexcmds.sty
Package: pdftexcmds 2020-06-04 v0.32 Utility functions of pdfTeX for LuaTeX (HO
)
Package pdftexcmds Info: \pdf@primitive is available.
Package pdftexcmds Info: \pdf@ifprimitive is available.
Package pdftexcmds Info: \pdfdraftmode found.
)
(/usr/share/texmf-dist/tex/generic/kvsetkeys/kvsetkeys.sty
Package: kvsetkeys 2019/12/15 v1.18 Key value parser (HO)
)
(/usr/share/texmf-dist/tex/generic/kvdefinekeys/kvdefinekeys.sty
Package: kvdefinekeys 2019-12-19 v1.6 Define keys (HO)
)
(/usr/share/texmf-dist/tex/generic/pdfescape/pdfescape.sty
Package: pdfescape 2019/12/09 v1.15 Implements pdfTeX's escape features (HO)
)
(/usr/share/texmf-dist/tex/latex/hycolor/hycolor.sty
Package: hycolor 2020-01-27 v1.10 Color options for hyperref/bookmark (HO)
)
(/usr/share/texmf-dist/tex/latex/letltxmacro/letltxmacro.sty
Package: letltxmacro 2019/12/03 v1.6 Let assignment for LaTeX macros (HO)
)
(/usr/share/texmf-dist/tex/latex/auxhook/auxhook.sty
Package: auxhook 2019-12-17 v1.6 Hooks for auxiliary files (HO)
)
(/usr/share/texmf-dist/tex/latex/kvoptions/kvoptions.sty
Package: kvoptions 2019/11/29 v3.13 Key value format for package options (HO)
)
\@linkdim=\dimen197
\Hy@linkcounter=\count275
\Hy@pagecounter=\count276

(/usr/share/texmf-dist/tex/latex/hyperref/pd1enc.def
File: pd1enc.def 2020-05-15 v7.00e Hyperref: PDFDocEncoding definition (HO)
Now handling font encoding PD1 ...
... no UTF-8 mapping file for font encoding PD1
)
(/usr/share/texmf-dist/tex/generic/intcalc/intcalc.sty
Package: intcalc 2019/12/15 v1.3 Expandable calculations with integers (HO)
)
(/usr/share/texmf-dist/tex/generic/etexcmds/etexcmds.sty
Package: etexcmds 2019/12/15 v1.7 Avoid name clashes with e-TeX commands (HO)
)
\Hy@SavedSpaceFactor=\count277
Package hyperref Info: Option `bookmarks' set `true' on input line 4338.
Package hyperref Info: Option `bookmarksopen' set `true' on input line 4338.
Package hyperref Info: Option `implicit' set `false' on input line 4338.
Package hyperref Info: Hyper figures OFF on input line 4464.
Package hyperref Info: Link nesting OFF on input line 4469.
Package hyperref Info: Hyper index ON on input line 4472.
Package hyperref Info: Plain pages OFF on input line 4479.
Package hyperref Info: Backreferencing OFF on input line 4484.
Package hyperref Info: Implicit mode OFF; no redefinition of LaTeX internals.
Package hyperref Info: Bookmarks ON on input line 4717.
\c@Hy@tempcnt=\count278

(/usr/share/texmf-dist/tex/latex/url/url.sty
\Urlmuskip=\muskip16
Package: url 2013/09/16  ver 3.4  Verb mode for urls, etc.
)
LaTeX Info: Redefining \url on input line 5076.
\XeTeXLinkMargin=\dimen198

(/usr/share/texmf-dist/tex/generic/bitset/bitset.sty
Package: bitset 2019/12/09 v1.3 Handle bit-vector datatype (HO)

(/usr/share/texmf-dist/tex/generic/bigintcalc/bigintcalc.sty
Package: bigintcalc 2019/12/15 v1.5 Expandable calculations on big integers (HO
)
))
\Fld@menulength=\count279
\Field@Width=\dimen199
\Fld@charsize=\dimen256
Package hyperref Info: Hyper figures OFF on input line 6347.
Package hyperref Info: Link nesting OFF on input line 6352.
Package hyperref Info: Hyper index ON on input line 6355.
Package hyperref Info: backreferencing OFF on input line 6362.
Package hyperref Info: Link coloring OFF on input line 6367.
Package hyperref Info: Link coloring with OCG OFF on input line 6372.
Package hyperref Info: PDF/A mode OFF on input line 6377.
LaTeX Info: Redefining \ref on input line 6417.
LaTeX Info: Redefining \pageref on input line 6421.
\Hy@abspage=\count280


Package hyperref Message: Stopped early.

)
Package hyperref Info: Driver (autodetected): hpdftex.
 (/usr/share/texmf-dist/tex/latex/hyperref/hpdftex.def
File: hpdftex.def 2020-05-15 v7.00e Hyperref driver for pdfTeX

(/usr/share/texmf-dist/tex/latex/atveryend/atveryend.sty
Package: atveryend 2019-12-11 v1.11 Hooks at the very end of document (HO)
)
\Fld@listcount=\count281
\c@bookmark@seq@number=\count282

(/usr/share/texmf-dist/tex/latex/rerunfilecheck/rerunfilecheck.sty
Package: rerunfilecheck 2019/12/05 v1.9 Rerun checks for auxiliary files (HO)

(/usr/share/texmf-dist/tex/generic/uniquecounter/uniquecounter.sty
Package: uniquecounter 2019/12/15 v1.4 Provide unlimited unique counter (HO)
)
Package uniquecounter Info: New unique counter `rerunfilecheck' on input line 2
86.
))
(/usr/share/texmf-dist/tex/latex/beamer/beamerbaserequires.sty
(/usr/share/texmf-dist/tex/latex/beamer/beamerbasecompatibility.sty)
(/usr/share/texmf-dist/tex/latex/beamer/beamerbasefont.sty
(/usr/share/texmf-dist/tex/latex/amsfonts/amssymb.sty
Package: amssymb 2013/01/14 v3.01 AMS font symbols

(/usr/share/texmf-dist/tex/latex/amsfonts/amsfonts.sty
Package: amsfonts 2013/01/14 v3.01 Basic AMSFonts support
\@emptytoks=\toks27
\symAMSa=\mathgroup4
\symAMSb=\mathgroup5
LaTeX Font Info:    Redeclaring math symbol \hbar on input line 98.
LaTeX Font Info:    Overwriting math alphabet `\mathfrak' in version `bold'
(Font)                  U/euf/m/n --> U/euf/b/n on input line 106.
))
(/usr/share/texmf-dist/tex/latex/sansmathaccent/sansmathaccent.sty
Package: sansmathaccent 2020/01/31

(/usr/share/texmf-dist/tex/latex/koma-script/scrlfile.sty
Package: scrlfile 2020/04/19 v3.30 KOMA-Script package (loading files)
)))
(/usr/share/texmf-dist/tex/latex/beamer/beamerbasetranslator.sty
(/usr/share/texmf-dist/tex/latex/translator/translator.sty
Package: translator 2019-05-31 v1.12a Easy translation of strings in LaTeX
))
(/usr/share/texmf-dist/tex/latex/beamer/beamerbasemisc.sty)
(/usr/share/texmf-dist/tex/latex/beamer/beamerbasetwoscreens.sty)
(/usr/share/texmf-dist/tex/latex/beamer/beamerbaseoverlay.sty
\beamer@argscount=\count283
\beamer@lastskipcover=\skip50
\beamer@trivlistdepth=\count284
)
(/usr/share/texmf-dist/tex/latex/beamer/beamerbasetitle.sty)
(/usr/share/texmf-dist/tex/latex/beamer/beamerbasesection.sty
\c@lecture=\count285
\c@part=\count286
\c@section=\count287
\c@subsection=\count288
\c@subsubsection=\count289
)
(/usr/share/texmf-dist/tex/latex/beamer/beamerbaseframe.sty
\beamer@framebox=\box60
\beamer@frametitlebox=\box61
\beamer@zoombox=\box62
\beamer@zoomcount=\count290
\beamer@zoomframecount=\count291
\beamer@frametextheight=\dimen257
\c@subsectionslide=\count292
\beamer@frametopskip=\skip51
\beamer@framebottomskip=\skip52
\beamer@frametopskipautobreak=\skip53
\beamer@framebottomskipautobreak=\skip54
\beamer@envbody=\toks28
\framewidth=\dimen258
\c@framenumber=\count293
)
(/usr/share/texmf-dist/tex/latex/beamer/beamerbaseverbatim.sty
\beamer@verbatimfileout=\write4
)
(/usr/share/texmf-dist/tex/latex/beamer/beamerbaseframesize.sty
\beamer@splitbox=\box63
\beamer@autobreakcount=\count294
\beamer@autobreaklastheight=\dimen259
\beamer@frametitletoks=\toks29
\beamer@framesubtitletoks=\toks30
)
(/usr/share/texmf-dist/tex/latex/beamer/beamerbaseframecomponents.sty
\beamer@footins=\box64
)
(/usr/share/texmf-dist/tex/latex/beamer/beamerbasecolor.sty)
(/usr/share/texmf-dist/tex/latex/beamer/beamerbasenotes.sty
\beamer@frameboxcopy=\box65
)
(/usr/share/texmf-dist/tex/latex/beamer/beamerbasetoc.sty)
(/usr/share/texmf-dist/tex/latex/beamer/beamerbasetemplates.sty
\beamer@sbttoks=\toks31

(/usr/share/texmf-dist/tex/latex/beamer/beamerbaseauxtemplates.sty
(/usr/share/texmf-dist/tex/latex/beamer/beamerbaseboxes.sty
\bmb@box=\box66
\bmb@colorbox=\box67
\bmb@boxshadow=\box68
\bmb@boxshadowball=\box69
\bmb@boxshadowballlarge=\box70
\bmb@temp=\dimen260
\bmb@dima=\dimen261
\bmb@dimb=\dimen262
\bmb@prevheight=\dimen263
)
\beamer@blockheadheight=\dimen264
))
(/usr/share/texmf-dist/tex/latex/beamer/beamerbaselocalstructure.sty
(/usr/share/texmf-dist/tex/latex/tools/enumerate.sty
Package: enumerate 2015/07/23 v3.00 enumerate extensions (DPC)
\@enLab=\toks32
)
\c@figure=\count295
\c@table=\count296
\abovecaptionskip=\skip55
\belowcaptionskip=\skip56
)
(/usr/share/texmf-dist/tex/latex/beamer/beamerbasenavigation.sty
\beamer@section@min@dim=\dimen265
)
(/usr/share/texmf-dist/tex/latex/beamer/beamerbasetheorems.sty
(/usr/share/texmf-dist/tex/latex/amsmath/amsmath.sty
Package: amsmath 2020/01/20 v2.17e AMS math features
\@mathmargin=\skip57

For additional information on amsmath, use the `?' option.
(/usr/share/texmf-dist/tex/latex/amsmath/amstext.sty
Package: amstext 2000/06/29 v2.01 AMS text

(/usr/share/texmf-dist/tex/latex/amsmath/amsgen.sty
File: amsgen.sty 1999/11/30 v2.0 generic functions
\@emptytoks=\toks33
\ex@=\dimen266
))
(/usr/share/texmf-dist/tex/latex/amsmath/amsbsy.sty
Package: amsbsy 1999/11/29 v1.2d Bold Symbols
\pmbraise@=\dimen267
)
(/usr/share/texmf-dist/tex/latex/amsmath/amsopn.sty
Package: amsopn 2016/03/08 v2.02 operator names
)
\inf@bad=\count297
LaTeX Info: Redefining \frac on input line 227.
\uproot@=\count298
\leftroot@=\count299
LaTeX Info: Redefining \overline on input line 389.
\classnum@=\count300
\DOTSCASE@=\count301
LaTeX Info: Redefining \ldots on input line 486.
LaTeX Info: Redefining \dots on input line 489.
LaTeX Info: Redefining \cdots on input line 610.
\Mathstrutbox@=\box71
\strutbox@=\box72
\big@size=\dimen268
LaTeX Font Info:    Redeclaring font encoding OML on input line 733.
LaTeX Font Info:    Redeclaring font encoding OMS on input line 734.
\macc@depth=\count302
\c@MaxMatrixCols=\count303
\dotsspace@=\muskip17
\c@parentequation=\count304
\dspbrk@lvl=\count305
\tag@help=\toks34
\row@=\count306
\column@=\count307
\maxfields@=\count308
\andhelp@=\toks35
\eqnshift@=\dimen269
\alignsep@=\dimen270
\tagshift@=\dimen271
\tagwidth@=\dimen272
\totwidth@=\dimen273
\lineht@=\dimen274
\@envbody=\toks36
\multlinegap=\skip58
\multlinetaggap=\skip59
\mathdisplay@stack=\toks37
LaTeX Info: Redefining \[ on input line 2859.
LaTeX Info: Redefining \] on input line 2860.
)
(/usr/share/texmf-dist/tex/latex/amscls/amsthm.sty
Package: amsthm 2020/05/29 v2.20.6
\thm@style=\toks38
\thm@bodyfont=\toks39
\thm@headfont=\toks40
\thm@notefont=\toks41
\thm@headpunct=\toks42
\thm@preskip=\skip60
\thm@postskip=\skip61
\thm@headsep=\skip62
\dth@everypar=\toks43
)
\c@theorem=\count309
)
(/usr/share/texmf-dist/tex/latex/beamer/beamerbasethemes.sty))
(/usr/share/texmf-dist/tex/latex/beamer/beamerthemedefault.sty
(/usr/share/texmf-dist/tex/latex/beamer/beamerfontthemedefault.sty)
(/usr/share/texmf-dist/tex/latex/beamer/beamercolorthemedefault.sty)
(/usr/share/texmf-dist/tex/latex/beamer/beamerinnerthemedefault.sty
\beamer@dima=\dimen275
\beamer@dimb=\dimen276
)
(/usr/share/texmf-dist/tex/latex/beamer/beamerouterthemedefault.sty)))
(../beamer-preamble-2020.tex (/usr/share/texmf-dist/tex/latex/base/inputenc.sty
Package: inputenc 2018/08/11 v1.3c Input encoding file
\inpenc@prehook=\toks44
\inpenc@posthook=\toks45
) (/usr/share/texmf-dist/tex/latex/psnfss/bookman.sty
Package: bookman 2020/03/25 PSNFSS-v9.3 (SPQR) 
)
(/usr/share/texmf-dist/tex/latex/tools/multicol.sty
Package: multicol 2019/12/09 v1.8y multicolumn formatting (FMi)
\c@tracingmulticols=\count310
\mult@box=\box73
\multicol@leftmargin=\dimen277
\c@unbalance=\count311
\c@collectmore=\count312
\doublecol@number=\count313
\multicoltolerance=\count314
\multicolpretolerance=\count315
\full@width=\dimen278
\page@free=\dimen279
\premulticols=\dimen280
\postmulticols=\dimen281
\multicolsep=\skip63
\multicolbaselineskip=\skip64
\partial@page=\box74
\last@line=\box75
\maxbalancingoverflow=\dimen282
\mult@rightbox=\box76
\mult@grightbox=\box77
\mult@gfirstbox=\box78
\mult@firstbox=\box79
\@tempa=\box80
\@tempa=\box81
\@tempa=\box82
\@tempa=\box83
\@tempa=\box84
\@tempa=\box85
\@tempa=\box86
\@tempa=\box87
\@tempa=\box88
\@tempa=\box89
\@tempa=\box90
\@tempa=\box91
\@tempa=\box92
\@tempa=\box93
\@tempa=\box94
\@tempa=\box95
\@tempa=\box96
\@tempa=\box97
\@tempa=\box98
\@tempa=\box99
\@tempa=\box100
\@tempa=\box101
\@tempa=\box102
\@tempa=\box103
\@tempa=\box104
\@tempa=\box105
\@tempa=\box106
\@tempa=\box107
\@tempa=\box108
\@tempa=\box109
\@tempa=\box110
\@tempa=\box111
\@tempa=\box112
\@tempa=\box113
\@tempa=\box114
\@tempa=\box115
\@tempa=\box116
\c@minrows=\count316
\c@columnbadness=\count317
\c@finalcolumnbadness=\count318
\last@try=\dimen283
\multicolovershoot=\dimen284
\multicolundershoot=\dimen285
\mult@nat@firstbox=\box117
\colbreak@box=\box118
\mc@col@check@num=\count319
)
(/usr/share/texmf-dist/tex/latex/cancel/cancel.sty
Package: cancel 2013/04/12 v2.2 Cancel math terms
)
\beamerleftmargin=\skip65
)
(/usr/share/texmf-dist/tex/latex/beamer/beamerthemeBoadilla.sty
(/usr/share/texmf-dist/tex/latex/beamer/beamercolorthemerose.sty)
(/usr/share/texmf-dist/tex/latex/beamer/beamerinnerthemerounded.sty)
(/usr/share/texmf-dist/tex/latex/beamer/beamercolorthemedolphin.sty)
(/usr/share/texmf-dist/tex/latex/beamer/beamerouterthemeinfolines.sty))
(/usr/share/texmf-dist/tex/latex/beamer/beamercolorthemeseahorse.sty)
(/usr/share/texmf-dist/tex/latex/l3backend/l3backend-pdfmode.def
File: l3backend-pdfmode.def 2020-06-03 L3 backend support: PDF mode
\l__kernel_color_stack_int=\count320
\l__pdf_internal_box=\box119
)
(./foss-for-online-teaching.aux)
LaTeX Font Info:    Checking defaults for OML/cmm/m/it on input line 57.
LaTeX Font Info:    ... okay on input line 57.
LaTeX Font Info:    Checking defaults for OMS/cmsy/m/n on input line 57.
LaTeX Font Info:    ... okay on input line 57.
LaTeX Font Info:    Checking defaults for OT1/cmr/m/n on input line 57.
LaTeX Font Info:    ... okay on input line 57.
LaTeX Font Info:    Checking defaults for T1/cmr/m/n on input line 57.
LaTeX Font Info:    ... okay on input line 57.
LaTeX Font Info:    Checking defaults for TS1/cmr/m/n on input line 57.
LaTeX Font Info:    ... okay on input line 57.
LaTeX Font Info:    Checking defaults for OMX/cmex/m/n on input line 57.
LaTeX Font Info:    ... okay on input line 57.
LaTeX Font Info:    Checking defaults for U/cmr/m/n on input line 57.
LaTeX Font Info:    ... okay on input line 57.
LaTeX Font Info:    Checking defaults for PD1/pdf/m/n on input line 57.
LaTeX Font Info:    ... okay on input line 57.
LaTeX Font Info:    Trying to load font information for OT1+pag on input line 5
7.

(/usr/share/texmf-dist/tex/latex/psnfss/ot1pag.fd
File: ot1pag.fd 2001/06/04 font definitions for OT1/pag.
)
*geometry* driver: auto-detecting
*geometry* detected driver: pdftex
*geometry* verbose mode - [ preamble ] result:
* driver: pdftex
* paper: custom
* layout: <same size as paper>
* layoutoffset:(h,v)=(0.0pt,0.0pt)
* modes: includehead includefoot 
* h-part:(L,W,R)=(16.24988pt, 331.6956pt, 16.24988pt)
* v-part:(T,H,B)=(0.0pt, 273.14662pt, 0.0pt)
* \paperwidth=364.19536pt
* \paperheight=273.14662pt
* \textwidth=331.6956pt
* \textheight=244.6939pt
* \oddsidemargin=-56.02011pt
* \evensidemargin=-56.02011pt
* \topmargin=-72.26999pt
* \headheight=14.22636pt
* \headsep=0.0pt
* \topskip=17.0pt
* \footskip=14.22636pt
* \marginparwidth=2.0pt
* \marginparsep=12.0pt
* \columnsep=10.0pt
* \skip\footins=14.0pt plus 5.0pt minus 3.0pt
* \hoffset=0.0pt
* \voffset=0.0pt
* \mag=1000
* \@twocolumnfalse
* \@twosidefalse
* \@mparswitchfalse
* \@reversemarginfalse
* (1in=72.27pt=25.4mm, 1cm=28.453pt)

(/usr/share/texmf-dist/tex/context/base/mkii/supp-pdf.mkii
[Loading MPS to PDF converter (version 2006.09.02).]
\scratchcounter=\count321
\scratchdimen=\dimen286
\scratchbox=\box120
\nofMPsegments=\count322
\nofMParguments=\count323
\everyMPshowfont=\toks46
\MPscratchCnt=\count324
\MPscratchDim=\dimen287
\MPnumerator=\count325
\makeMPintoPDFobject=\count326
\everyMPtoPDFconversion=\toks47
) (/usr/share/texmf-dist/tex/latex/epstopdf-pkg/epstopdf-base.sty
Package: epstopdf-base 2020-01-24 v2.11 Base part for package epstopdf
Package epstopdf-base Info: Redefining graphics rule for `.eps' on input line 4
85.

(/usr/share/texmf-dist/tex/latex/latexconfig/epstopdf-sys.cfg
File: epstopdf-sys.cfg 2010/07/13 v1.3 Configuration of (r)epstopdf for TeX Liv
e
))
ABD: EveryShipout initializing macros
\AtBeginShipoutBox=\box121
Package hyperref Info: Link coloring OFF on input line 57.

(/usr/share/texmf-dist/tex/latex/hyperref/nameref.sty
Package: nameref 2019/09/16 v2.46 Cross-referencing by name of section

(/usr/share/texmf-dist/tex/latex/refcount/refcount.sty
Package: refcount 2019/12/15 v3.6 Data extraction from label references (HO)
)
(/usr/share/texmf-dist/tex/generic/gettitlestring/gettitlestring.sty
Package: gettitlestring 2019/12/15 v1.6 Cleanup title references (HO)
)
\c@section@level=\count327
)
LaTeX Info: Redefining \ref on input line 57.
LaTeX Info: Redefining \pageref on input line 57.
LaTeX Info: Redefining \nameref on input line 57.

(./foss-for-online-teaching.out) (./foss-for-online-teaching.out)
\@outlinefile=\write5
LaTeX Font Info:    Overwriting symbol font `operators' in version `normal'
(Font)                  OT1/cmr/m/n --> OT1/cmss/m/n on input line 57.
LaTeX Font Info:    Overwriting symbol font `operators' in version `bold'
(Font)                  OT1/cmr/bx/n --> OT1/cmss/b/n on input line 57.
\symnumbers=\mathgroup6
\sympureletters=\mathgroup7
LaTeX Font Info:    Overwriting math alphabet `\mathrm' in version `normal'
(Font)                  OT1/cmss/m/n --> OT1/pbk/m/n on input line 57.
LaTeX Font Info:    Redeclaring math alphabet \mathbf on input line 57.
LaTeX Font Info:    Overwriting math alphabet `\mathbf' in version `normal'
(Font)                  OT1/cmr/bx/n --> OT1/pag/b/n on input line 57.
LaTeX Font Info:    Overwriting math alphabet `\mathbf' in version `bold'
(Font)                  OT1/cmr/bx/n --> OT1/pag/b/n on input line 57.
LaTeX Font Info:    Redeclaring math alphabet \mathsf on input line 57.
LaTeX Font Info:    Overwriting math alphabet `\mathsf' in version `normal'
(Font)                  OT1/cmss/m/n --> OT1/pag/m/n on input line 57.
LaTeX Font Info:    Overwriting math alphabet `\mathsf' in version `bold'
(Font)                  OT1/cmss/bx/n --> OT1/pag/m/n on input line 57.
LaTeX Font Info:    Redeclaring math alphabet \mathit on input line 57.
LaTeX Font Info:    Overwriting math alphabet `\mathit' in version `normal'
(Font)                  OT1/cmr/m/it --> OT1/pag/m/it on input line 57.
LaTeX Font Info:    Overwriting math alphabet `\mathit' in version `bold'
(Font)                  OT1/cmr/bx/it --> OT1/pag/m/it on input line 57.
LaTeX Font Info:    Redeclaring math alphabet \mathtt on input line 57.
LaTeX Font Info:    Overwriting math alphabet `\mathtt' in version `normal'
(Font)                  OT1/cmtt/m/n --> OT1/pcr/m/n on input line 57.
LaTeX Font Info:    Overwriting math alphabet `\mathtt' in version `bold'
(Font)                  OT1/cmtt/m/n --> OT1/pcr/m/n on input line 57.
LaTeX Font Info:    Overwriting symbol font `numbers' in version `bold'
(Font)                  OT1/pag/m/n --> OT1/pag/b/n on input line 57.
LaTeX Font Info:    Overwriting symbol font `pureletters' in version `bold'
(Font)                  OT1/pag/m/it --> OT1/pag/b/it on input line 57.
LaTeX Font Info:    Overwriting math alphabet `\mathrm' in version `bold'
(Font)                  OT1/cmss/b/n --> OT1/pbk/b/n on input line 57.
LaTeX Font Info:    Overwriting math alphabet `\mathbf' in version `bold'
(Font)                  OT1/pag/b/n --> OT1/pag/b/n on input line 57.
LaTeX Font Info:    Overwriting math alphabet `\mathsf' in version `bold'
(Font)                  OT1/pag/m/n --> OT1/pag/b/n on input line 57.
LaTeX Font Info:    Overwriting math alphabet `\mathit' in version `bold'
(Font)                  OT1/pag/m/it --> OT1/pag/b/it on input line 57.
LaTeX Font Info:    Overwriting math alphabet `\mathtt' in version `bold'
(Font)                  OT1/pcr/m/n --> OT1/pcr/b/n on input line 57.

(/usr/share/texmf-dist/tex/latex/translator/translator-basic-dictionary-English
.dict
Dictionary: translator-basic-dictionary, Language: English 
)
(/usr/share/texmf-dist/tex/latex/translator/translator-bibliography-dictionary-
English.dict
Dictionary: translator-bibliography-dictionary, Language: English 
)
(/usr/share/texmf-dist/tex/latex/translator/translator-environment-dictionary-E
nglish.dict
Dictionary: translator-environment-dictionary, Language: English 
)
(/usr/share/texmf-dist/tex/latex/translator/translator-months-dictionary-Englis
h.dict
Dictionary: translator-months-dictionary, Language: English 
)
(/usr/share/texmf-dist/tex/latex/translator/translator-numbers-dictionary-Engli
sh.dict
Dictionary: translator-numbers-dictionary, Language: English 
)
(/usr/share/texmf-dist/tex/latex/translator/translator-theorem-dictionary-Engli
sh.dict
Dictionary: translator-theorem-dictionary, Language: English 
) (./foss-for-online-teaching.nav)
Overfull \hbox (16.02094pt too wide) in paragraph at lines 57--57
 [][]|  []\OT1/pag/m/n/8 0/125|  
 []


Overfull \hbox (16.02094pt too wide) has occurred while \output is active
 [][]|  []\OT1/pag/m/n/8 1/125|  
 []

[1

{/var/lib/texmf/fonts/map/pdftex/updmap/pdftex.map}]
(./foss-for-online-teaching.toc)
Overfull \hbox (16.02094pt too wide) has occurred while \output is active
 [][]|  []\OT1/pag/m/n/8 2/125|  
 []

[2

]
Overfull \hbox (16.02094pt too wide) has occurred while \output is active
 [][]|  []\OT1/pag/m/n/8 3/125|  
 []

[3

]
<./logos/software-budget.png, id=141, 710.655pt x 356.33125pt>
File: ./logos/software-budget.png Graphic file (type png)
<use ./logos/software-budget.png>
Package pdftex.def Info: ./logos/software-budget.png  used on input line 67.
(pdftex.def)             Requested size: 331.6956pt x 166.31758pt.

Overfull \hbox (16.02094pt too wide) has occurred while \output is active
 [][]|  []\OT1/pag/m/n/8 4/125|  
 []

[4

 <./logos/software-budget.png>]
<./logos/coa.png, id=169, 1031.855pt x 559.08875pt>
File: ./logos/coa.png Graphic file (type png)
<use ./logos/coa.png>
Package pdftex.def Info: ./logos/coa.png  used on input line 69.
(pdftex.def)             Requested size: 331.6956pt x 179.72249pt.

Overfull \hbox (16.02094pt too wide) has occurred while \output is active
 [][]|  []\OT1/pag/m/n/8 5/125|  
 []

[5

 <./logos/coa.png>]
Overfull \hbox (16.02094pt too wide) has occurred while \output is active
 [][]|  []\OT1/pag/m/n/8 6/125|  
 []

[6

]
<./logos/deped-software-budget.png, id=222, 767.86874pt x 468.75125pt>
File: ./logos/deped-software-budget.png Graphic file (type png)
<use ./logos/deped-software-budget.png>
Package pdftex.def Info: ./logos/deped-software-budget.png  used on input line 
73.
(pdftex.def)             Requested size: 331.6956pt x 202.48894pt.

Overfull \hbox (16.02094pt too wide) has occurred while \output is active
 [][]|  []\OT1/pag/m/n/8 7/125|  
 []

[7

 <./logos/deped-software-budget.png>]
Overfull \hbox (16.02094pt too wide) has occurred while \output is active
 [][]|  []\OT1/pag/m/n/8 8/125|  
 []

[8

]
<./logos/philhealth-proposed-budget.png, id=277, 752.8125pt x 903.375pt>
File: ./logos/philhealth-proposed-budget.png Graphic file (type png)
<use ./logos/philhealth-proposed-budget.png>
Package pdftex.def Info: ./logos/philhealth-proposed-budget.png  used on input 
line 77.
(pdftex.def)             Requested size: 331.6956pt x 398.03761pt.

Overfull \vbox (144.11292pt too high) detected at line 77
 []


Overfull \hbox (16.02094pt too wide) has occurred while \output is active
 [][]|  []\OT1/pag/m/n/8 9/125|  
 []

[9

 <./logos/philhealth-proposed-budget.png (PNG copy)>]
LaTeX Font Info:    Font shape `OT1/pag/b/n' in size <17.28> not available
(Font)              Font shape `OT1/pag/db/n' tried instead on input line 83.
LaTeX Font Info:    Font shape `OT1/pag/b/n' in size <29.86> not available
(Font)              Font shape `OT1/pag/db/n' tried instead on input line 83.

Overfull \hbox (20.45287pt too wide) has occurred while \output is active
 [][]|  []\OT1/pag/m/n/8 10/125|  
 []

[10

]
LaTeX Font Info:    Trying to load font information for U+msa on input line 91.

 (/usr/share/texmf-dist/tex/latex/amsfonts/umsa.fd
File: umsa.fd 2013/01/14 v3.01 AMS symbols A
)
LaTeX Font Info:    Trying to load font information for U+msb on input line 91.


(/usr/share/texmf-dist/tex/latex/amsfonts/umsb.fd
File: umsb.fd 2013/01/14 v3.01 AMS symbols B
)
LaTeX Font Info:    Font shape `OT1/pag/m/it' in size <17.28> not available
(Font)              Font shape `OT1/pag/m/sl' tried instead on input line 91.
LaTeX Font Info:    Font shape `OT1/pag/m/it' in size <12> not available
(Font)              Font shape `OT1/pag/m/sl' tried instead on input line 91.
LaTeX Font Info:    Font shape `OT1/pag/m/it' in size <10> not available
(Font)              Font shape `OT1/pag/m/sl' tried instead on input line 91.

Overfull \hbox (20.45287pt too wide) has occurred while \output is active
 [][]|  []\OT1/pag/m/n/8 11/125|  
 []

[11

]
Overfull \hbox (20.45287pt too wide) has occurred while \output is active
 [][]|  []\OT1/pag/m/n/8 12/125|  
 []

[12

]
Overfull \hbox (20.45287pt too wide) has occurred while \output is active
 [][]|  []\OT1/pag/m/n/8 13/125|  
 []

[13

]
Overfull \hbox (20.45287pt too wide) has occurred while \output is active
 [][]|  []\OT1/pag/m/n/8 14/125|  
 []

[14

]
Overfull \hbox (20.45287pt too wide) has occurred while \output is active
 [][]|  []\OT1/pag/m/n/8 15/125|  
 []

[15

]
Overfull \hbox (20.45287pt too wide) has occurred while \output is active
 [][]|  []\OT1/pag/m/n/8 15/125|  
 []

[16

]
Overfull \hbox (20.45287pt too wide) has occurred while \output is active
 [][]|  []\OT1/pag/m/n/8 15/125|  
 []

[17

]
Overfull \hbox (20.45287pt too wide) has occurred while \output is active
 [][]|  []\OT1/pag/m/n/8 15/125|  
 []

[18

]
Overfull \hbox (20.45287pt too wide) has occurred while \output is active
 [][]|  []\OT1/pag/m/n/8 16/125|  
 []

[19

]
<./logos/64percentuseunlicensed.png, id=572, 1371.1225pt x 770.88pt>
File: ./logos/64percentuseunlicensed.png Graphic file (type png)
<use ./logos/64percentuseunlicensed.png>
Package pdftex.def Info: ./logos/64percentuseunlicensed.png  used on input line
 125.
(pdftex.def)             Requested size: 331.6956pt x 186.4853pt.

Overfull \hbox (20.45287pt too wide) has occurred while \output is active
 [][]|  []\OT1/pag/m/n/8 17/125|  
 []

[20

 <./logos/64percentuseunlicensed.png>]
Overfull \hbox (20.45287pt too wide) has occurred while \output is active
 [][]|  []\OT1/pag/m/n/8 18/125|  
 []

[21

]
Overfull \hbox (20.45287pt too wide) has occurred while \output is active
 [][]|  []\OT1/pag/m/n/8 19/125|  
 []

[22

]
Overfull \hbox (20.45287pt too wide) has occurred while \output is active
 [][]|  []\OT1/pag/m/n/8 19/125|  
 []

[23

]
Overfull \hbox (20.45287pt too wide) has occurred while \output is active
 [][]|  []\OT1/pag/m/n/8 19/125|  
 []

[24

]
Overfull \hbox (20.45287pt too wide) has occurred while \output is active
 [][]|  []\OT1/pag/m/n/8 19/125|  
 []

[25

]
Overfull \hbox (20.45287pt too wide) has occurred while \output is active
 [][]|  []\OT1/pag/m/n/8 19/125|  
 []

[26

]
Overfull \hbox (20.45287pt too wide) has occurred while \output is active
 [][]|  []\OT1/pag/m/n/8 20/125|  
 []

[27

]
Overfull \hbox (20.45287pt too wide) has occurred while \output is active
 [][]|  []\OT1/pag/m/n/8 20/125|  
 []

[28

]
Overfull \hbox (20.45287pt too wide) has occurred while \output is active
 [][]|  []\OT1/pag/m/n/8 20/125|  
 []

[29

]
Overfull \hbox (20.45287pt too wide) has occurred while \output is active
 [][]|  []\OT1/pag/m/n/8 20/125|  
 []

[30

]
Overfull \hbox (20.45287pt too wide) has occurred while \output is active
 [][]|  []\OT1/pag/m/n/8 20/125|  
 []

[31

]
<./logos/schools-foss.png, id=890, 656.4525pt x 589.20125pt>
File: ./logos/schools-foss.png Graphic file (type png)
<use ./logos/schools-foss.png>
Package pdftex.def Info: ./logos/schools-foss.png  used on input line 156.
(pdftex.def)             Requested size: 331.6956pt x 297.71959pt.

Overfull \vbox (43.79489pt too high) detected at line 156
 []


Overfull \hbox (20.45287pt too wide) has occurred while \output is active
 [][]|  []\OT1/pag/m/n/8 21/125|  
 []

[32

 <./logos/schools-foss.png>]
Overfull \hbox (20.45287pt too wide) has occurred while \output is active
 [][]|  []\OT1/pag/m/n/8 22/125|  
 []

[33

]
Overfull \hbox (20.45287pt too wide) has occurred while \output is active
 [][]|  []\OT1/pag/m/n/8 22/125|  
 []

[34

]
Overfull \hbox (20.45287pt too wide) has occurred while \output is active
 [][]|  []\OT1/pag/m/n/8 23/125|  
 []

[35

]
Overfull \hbox (20.45287pt too wide) has occurred while \output is active
 [][]|  []\OT1/pag/m/n/8 23/125|  
 []

[36

]
Overfull \hbox (20.45287pt too wide) has occurred while \output is active
 [][]|  []\OT1/pag/m/n/8 24/125|  
 []

[37

]
Overfull \hbox (20.45287pt too wide) has occurred while \output is active
 [][]|  []\OT1/pag/m/n/8 25/125|  
 []

[38

]
<./logos/windows-steal-passwords.png, id=1074, 854.19125pt x 542.025pt>
File: ./logos/windows-steal-passwords.png Graphic file (type png)
<use ./logos/windows-steal-passwords.png>
Package pdftex.def Info: ./logos/windows-steal-passwords.png  used on input lin
e 184.
(pdftex.def)             Requested size: 331.6956pt x 210.47086pt.

Overfull \hbox (20.45287pt too wide) has occurred while \output is active
 [][]|  []\OT1/pag/m/n/8 26/125|  
 []

[39

 <./logos/windows-steal-passwords.png>]
Overfull \hbox (20.45287pt too wide) has occurred while \output is active
 [][]|  []\OT1/pag/m/n/8 27/125|  
 []

[40

]
<./logos/windows-attack.png, id=1128, 787.94376pt x 545.03625pt>
File: ./logos/windows-attack.png Graphic file (type png)
<use ./logos/windows-attack.png>
Package pdftex.def Info: ./logos/windows-attack.png  used on input line 188.
(pdftex.def)             Requested size: 331.6956pt x 229.4376pt.

Overfull \hbox (20.45287pt too wide) has occurred while \output is active
 [][]|  []\OT1/pag/m/n/8 28/125|  
 []

[41

 <./logos/windows-attack.png>]
<logos/linux.jpg, id=1155, 1349.04pt x 744.7825pt>
File: logos/linux.jpg Graphic file (type jpg)
<use logos/linux.jpg>
Package pdftex.def Info: logos/linux.jpg  used on input line 190.
(pdftex.def)             Requested size: 122.72574pt x 67.75485pt.
<logos/windows_10_logo.png, id=1156, 1204.5pt x 1204.5pt>
File: logos/windows_10_logo.png Graphic file (type png)
<use logos/windows_10_logo.png>
Package pdftex.def Info: logos/windows_10_logo.png  used on input line 190.
(pdftex.def)             Requested size: 122.72574pt x 122.71768pt.

Overfull \hbox (20.45287pt too wide) has occurred while \output is active
 [][]|  []\OT1/pag/m/n/8 29/125|  
 []

[42

 <./logos/linux.jpg> <./logos/windows_10_logo.png>]
<./logos/distros.jpeg, id=1185, 1027.84pt x 770.88pt>
File: ./logos/distros.jpeg Graphic file (type jpg)
<use ./logos/distros.jpeg>
Package pdftex.def Info: ./logos/distros.jpeg  used on input line 192.
(pdftex.def)             Requested size: 331.6956pt x 248.76863pt.

Overfull \vbox (28.01726pt too high) detected at line 192
 []


Overfull \hbox (20.45287pt too wide) has occurred while \output is active
 [][]|  []\OT1/pag/m/n/8 30/125|  
 []

[43

 <./logos/distros.jpeg>]
Overfull \hbox (20.45287pt too wide) has occurred while \output is active
 [][]|  []\OT1/pag/m/n/8 31/125|  
 []

[44

]
Overfull \hbox (20.45287pt too wide) has occurred while \output is active
 [][]|  []\OT1/pag/m/n/8 31/125|  
 []

[45

]
Overfull \hbox (20.45287pt too wide) has occurred while \output is active
 [][]|  []\OT1/pag/m/n/8 31/125|  
 []

[46

]
Overfull \hbox (20.45287pt too wide) has occurred while \output is active
 [][]|  []\OT1/pag/m/n/8 31/125|  
 []

[47

]
Overfull \hbox (20.45287pt too wide) has occurred while \output is active
 [][]|  []\OT1/pag/m/n/8 31/125|  
 []

[48

]
Overfull \hbox (20.45287pt too wide) has occurred while \output is active
 [][]|  []\OT1/pag/m/n/8 32/125|  
 []

[49

]
<./logos/linux-supercomputer.png, id=1372, 836.12375pt x 516.93124pt>
File: ./logos/linux-supercomputer.png Graphic file (type png)
<use ./logos/linux-supercomputer.png>
Package pdftex.def Info: ./logos/linux-supercomputer.png  used on input line 20
7.
(pdftex.def)             Requested size: 331.6956pt x 205.07297pt.

Overfull \hbox (20.45287pt too wide) has occurred while \output is active
 [][]|  []\OT1/pag/m/n/8 33/125|  
 []

[50

 <./logos/linux-supercomputer.png>]
Overfull \hbox (20.45287pt too wide) has occurred while \output is active
 [][]|  []\OT1/pag/m/n/8 34/125|  
 []

[51

]
<./logos/advantages-linux.png, id=1426, 784.9325pt x 631.35875pt>
File: ./logos/advantages-linux.png Graphic file (type png)
<use ./logos/advantages-linux.png>
Package pdftex.def Info: ./logos/advantages-linux.png  used on input line 211.
(pdftex.def)             Requested size: 331.6956pt x 266.8066pt.

Overfull \vbox (12.8819pt too high) detected at line 211
 []


Overfull \hbox (20.45287pt too wide) has occurred while \output is active
 [][]|  []\OT1/pag/m/n/8 35/125|  
 []

[52

 <./logos/advantages-linux.png>]
Overfull \hbox (20.45287pt too wide) has occurred while \output is active
 [][]|  []\OT1/pag/m/n/8 36/125|  
 []

[53

]
<./logos/judicial-office365.png, id=1479, 925.4575pt x 597.23125pt>
File: ./logos/judicial-office365.png Graphic file (type png)
<use ./logos/judicial-office365.png>
Package pdftex.def Info: ./logos/judicial-office365.png  used on input line 215
.
(pdftex.def)             Requested size: 331.6956pt x 214.05533pt.

Overfull \hbox (20.45287pt too wide) has occurred while \output is active
 [][]|  []\OT1/pag/m/n/8 37/125|  
 []

[54

 <./logos/judicial-office365.png>]
Overfull \hbox (20.45287pt too wide) has occurred while \output is active
 [][]|  []\OT1/pag/m/n/8 38/125|  
 []

[55

]
<./logos/phishing-office365.png, id=1534, 630.355pt x 619.31375pt>
File: ./logos/phishing-office365.png Graphic file (type png)
<use ./logos/phishing-office365.png>
Package pdftex.def Info: ./logos/phishing-office365.png  used on input line 221
.
(pdftex.def)             Requested size: 331.6956pt x 325.88168pt.

Overfull \vbox (71.95699pt too high) detected at line 221
 []


Overfull \hbox (20.45287pt too wide) has occurred while \output is active
 [][]|  []\OT1/pag/m/n/8 39/125|  
 []

[56

 <./logos/phishing-office365.png>]
<logos/libreoffice.png, id=1561, 1284.8pt x 282.05376pt>
File: logos/libreoffice.png Graphic file (type png)
<use logos/libreoffice.png>
Package pdftex.def Info: logos/libreoffice.png  used on input line 223.
(pdftex.def)             Requested size: 122.72574pt x 26.94171pt.
<logos/msoffice.jpg, id=1562, 2208.25pt x 742.775pt>
File: logos/msoffice.jpg Graphic file (type jpg)
<use logos/msoffice.jpg>
Package pdftex.def Info: logos/msoffice.jpg  used on input line 223.
(pdftex.def)             Requested size: 122.72574pt x 41.27776pt.

Overfull \hbox (20.45287pt too wide) has occurred while \output is active
 [][]|  []\OT1/pag/m/n/8 40/125|  
 []

[57

 <./logos/libreoffice.png> <./logos/msoffice.jpg>]
<./logos/libreoffice-front.png, id=1590, 1369.115pt x 745.78625pt>
File: ./logos/libreoffice-front.png Graphic file (type png)
<use ./logos/libreoffice-front.png>
Package pdftex.def Info: ./logos/libreoffice-front.png  used on input line 225.

(pdftex.def)             Requested size: 331.6956pt x 180.67656pt.

Overfull \hbox (20.45287pt too wide) has occurred while \output is active
 [][]|  []\OT1/pag/m/n/8 41/125|  
 []

[58

 <./logos/libreoffice-front.png>]
Overfull \hbox (20.45287pt too wide) has occurred while \output is active
 [][]|  []\OT1/pag/m/n/8 42/125|  
 []

[59

]
Overfull \hbox (20.45287pt too wide) has occurred while \output is active
 [][]|  []\OT1/pag/m/n/8 42/125|  
 []

[60

]
Overfull \hbox (20.45287pt too wide) has occurred while \output is active
 [][]|  []\OT1/pag/m/n/8 42/125|  
 []

[61

]
Overfull \hbox (20.45287pt too wide) has occurred while \output is active
 [][]|  []\OT1/pag/m/n/8 42/125|  
 []

[62

]
Overfull \hbox (20.45287pt too wide) has occurred while \output is active
 [][]|  []\OT1/pag/m/n/8 42/125|  
 []

[63

]
Overfull \hbox (20.45287pt too wide) has occurred while \output is active
 [][]|  []\OT1/pag/m/n/8 43/125|  
 []

[64

]
<./logos/excel-malware.png, id=1776, 715.67375pt x 518.93875pt>
File: ./logos/excel-malware.png Graphic file (type png)
<use ./logos/excel-malware.png>
Package pdftex.def Info: ./logos/excel-malware.png  used on input line 245.
(pdftex.def)             Requested size: 331.6956pt x 240.51219pt.

Overfull \hbox (20.45287pt too wide) has occurred while \output is active
 [][]|  []\OT1/pag/m/n/8 44/125|  
 []

[65

 <./logos/excel-malware.png>]
<logos/calc.png, id=1803, 903.375pt x 903.375pt>
File: logos/calc.png Graphic file (type png)
<use logos/calc.png>
Package pdftex.def Info: logos/calc.png  used on input line 247.
(pdftex.def)             Requested size: 122.72574pt x 122.72229pt.
<logos/excel-logo.jpg, id=1804, 271.0125pt x 165.61874pt>
File: logos/excel-logo.jpg Graphic file (type jpg)
<use logos/excel-logo.jpg>
Package pdftex.def Info: logos/excel-logo.jpg  used on input line 247.
(pdftex.def)             Requested size: 122.72574pt x 74.99779pt.

Overfull \hbox (20.45287pt too wide) has occurred while \output is active
 [][]|  []\OT1/pag/m/n/8 45/125|  
 []

[66

 <./logos/calc.png> <./logos/excel-logo.jpg>]
<./logos/calc-front.png, id=1831, 1370.11874pt x 746.79pt>
File: ./logos/calc-front.png Graphic file (type png)
<use ./logos/calc-front.png>
Package pdftex.def Info: ./logos/calc-front.png  used on input line 249.
(pdftex.def)             Requested size: 331.6956pt x 180.79437pt.

Overfull \hbox (20.45287pt too wide) has occurred while \output is active
 [][]|  []\OT1/pag/m/n/8 46/125|  
 []

[67

 <./logos/calc-front.png>]
<logos/writer.jpg, id=1860, 475.7775pt x 613.29124pt>
File: logos/writer.jpg Graphic file (type jpg)
<use logos/writer.jpg>
Package pdftex.def Info: logos/writer.jpg  used on input line 251.
(pdftex.def)             Requested size: 122.72574pt x 158.19797pt.
<logos/word.jpg, id=1861, 2308.625pt x 2208.25pt>
File: logos/word.jpg Graphic file (type jpg)
<use logos/word.jpg>
Package pdftex.def Info: logos/word.jpg  used on input line 251.
(pdftex.def)             Requested size: 122.72574pt x 117.36017pt.

Overfull \hbox (20.45287pt too wide) has occurred while \output is active
 [][]|  []\OT1/pag/m/n/8 47/125|  
 []

[68

 <./logos/writer.jpg> <./logos/word.jpg>]
<./logos/writer-front.png, id=1888, 1369.115pt x 745.78625pt>
File: ./logos/writer-front.png Graphic file (type png)
<use ./logos/writer-front.png>
Package pdftex.def Info: ./logos/writer-front.png  used on input line 253.
(pdftex.def)             Requested size: 331.6956pt x 180.67656pt.

Overfull \hbox (20.45287pt too wide) has occurred while \output is active
 [][]|  []\OT1/pag/m/n/8 48/125|  
 []

[69

 <./logos/writer-front.png>]
<logos/impress.jpg, id=1915, 269.005pt x 401.5pt>
File: logos/impress.jpg Graphic file (type jpg)
<use logos/impress.jpg>
Package pdftex.def Info: logos/impress.jpg  used on input line 255.
(pdftex.def)             Requested size: 122.72574pt x 183.17288pt.
<logos/powerpoint.png, id=1916, 1204.5pt x 1120.185pt>
File: logos/powerpoint.png Graphic file (type png)
<use logos/powerpoint.png>
Package pdftex.def Info: logos/powerpoint.png  used on input line 255.
(pdftex.def)             Requested size: 122.72574pt x 114.12744pt.

Overfull \hbox (20.45287pt too wide) has occurred while \output is active
 [][]|  []\OT1/pag/m/n/8 49/125|  
 []

[70

 <./logos/impress.jpg> <./logos/powerpoint.png>]
<./logos/impress-front.png, id=1944, 1371.1225pt x 746.79pt>
File: ./logos/impress-front.png Graphic file (type png)
<use ./logos/impress-front.png>
Package pdftex.def Info: ./logos/impress-front.png  used on input line 257.
(pdftex.def)             Requested size: 331.6956pt x 180.65764pt.

Overfull \hbox (20.45287pt too wide) has occurred while \output is active
 [][]|  []\OT1/pag/m/n/8 50/125|  
 []

[71

 <./logos/impress-front.png>]
Overfull \hbox (20.45287pt too wide) has occurred while \output is active
 [][]|  []\OT1/pag/m/n/8 51/125|  
 []

[72

]
<./logos/google-privacy-issues.png, id=1998, 863.225pt x 634.37pt>
File: ./logos/google-privacy-issues.png Graphic file (type png)
<use ./logos/google-privacy-issues.png>
Package pdftex.def Info: ./logos/google-privacy-issues.png  used on input line 
261.
(pdftex.def)             Requested size: 331.6956pt x 243.75406pt.

Overfull \hbox (20.45287pt too wide) has occurred while \output is active
 [][]|  []\OT1/pag/m/n/8 52/125|  
 []

[73

 <./logos/google-privacy-issues.png>]
<logos/ethercalc.png, id=2026, 588.1975pt x 160.6pt>
File: logos/ethercalc.png Graphic file (type png)
<use logos/ethercalc.png>
Package pdftex.def Info: logos/ethercalc.png  used on input line 263.
(pdftex.def)             Requested size: 122.72574pt x 33.50644pt.
<logos/google-sheets-logo.jpg, id=2027, 682.55pt x 401.5pt>
File: logos/google-sheets-logo.jpg Graphic file (type jpg)
<use logos/google-sheets-logo.jpg>
Package pdftex.def Info: logos/google-sheets-logo.jpg  used on input line 263.
(pdftex.def)             Requested size: 122.72574pt x 72.18723pt.

Overfull \hbox (20.45287pt too wide) has occurred while \output is active
 [][]|  []\OT1/pag/m/n/8 53/125|  
 []

[74

 <./logos/ethercalc.png (PNG copy)> <./logos/google-sheets-logo.jpg>]
<./logos/ethercalc-front.png, id=2054, 1371.1225pt x 744.7825pt>
File: ./logos/ethercalc-front.png Graphic file (type png)
<use ./logos/ethercalc-front.png>
Package pdftex.def Info: ./logos/ethercalc-front.png  used on input line 265.
(pdftex.def)             Requested size: 331.6956pt x 180.172pt.

Overfull \hbox (20.45287pt too wide) has occurred while \output is active
 [][]|  []\OT1/pag/m/n/8 54/125|  
 []

[75

 <./logos/ethercalc-front.png>]
<./logos/ethercalc-2nd.png, id=2082, 1371.1225pt x 744.7825pt>
File: ./logos/ethercalc-2nd.png Graphic file (type png)
<use ./logos/ethercalc-2nd.png>
Package pdftex.def Info: ./logos/ethercalc-2nd.png  used on input line 267.
(pdftex.def)             Requested size: 331.6956pt x 180.172pt.

Overfull \hbox (20.45287pt too wide) has occurred while \output is active
 [][]|  []\OT1/pag/m/n/8 55/125|  
 []

[76

 <./logos/ethercalc-2nd.png>]
<logos/etherpad-logo.png, id=2109, 451.6875pt x 173.64874pt>
File: logos/etherpad-logo.png Graphic file (type png)
<use logos/etherpad-logo.png>
Package pdftex.def Info: logos/etherpad-logo.png  used on input line 269.
(pdftex.def)             Requested size: 122.72574pt x 47.17989pt.
<logos/Google-docs-logo.png, id=2110, 531.9875pt x 374.39874pt>
File: logos/Google-docs-logo.png Graphic file (type png)
<use logos/Google-docs-logo.png>
Package pdftex.def Info: logos/Google-docs-logo.png  used on input line 269.
(pdftex.def)             Requested size: 122.72574pt x 86.36697pt.

Overfull \hbox (20.45287pt too wide) has occurred while \output is active
 [][]|  []\OT1/pag/m/n/8 56/125|  
 []

[77

 <./logos/etherpad-logo.png> <./logos/Google-docs-logo.png (PNG copy)>]
<./logos/etherpad-front2.png, id=2138, 1371.1225pt x 743.77875pt>
File: ./logos/etherpad-front2.png Graphic file (type png)
<use ./logos/etherpad-front2.png>
Package pdftex.def Info: ./logos/etherpad-front2.png  used on input line 271.
(pdftex.def)             Requested size: 331.6956pt x 179.92918pt.

Overfull \hbox (20.45287pt too wide) has occurred while \output is active
 [][]|  []\OT1/pag/m/n/8 57/125|  
 []

[78

 <./logos/etherpad-front2.png>]
<./logos/etherpad-sample.png, id=2166, 1371.1225pt x 743.77875pt>
File: ./logos/etherpad-sample.png Graphic file (type png)
<use ./logos/etherpad-sample.png>
Package pdftex.def Info: ./logos/etherpad-sample.png  used on input line 273.
(pdftex.def)             Requested size: 331.6956pt x 179.92918pt.

Overfull \hbox (20.45287pt too wide) has occurred while \output is active
 [][]|  []\OT1/pag/m/n/8 58/125|  
 []

[79

 <./logos/etherpad-sample.png>]
<logos/nextcloud-logo.jpg, id=2196, 1204.5pt x 705.63625pt>
File: logos/nextcloud-logo.jpg Graphic file (type jpg)
<use logos/nextcloud-logo.jpg>
Package pdftex.def Info: logos/nextcloud-logo.jpg  used on input line 275.
(pdftex.def)             Requested size: 122.72574pt x 71.8921pt.
<logos/gdrive.jpg, id=2197, 1204.5pt x 1204.5pt>
File: logos/gdrive.jpg Graphic file (type jpg)
<use logos/gdrive.jpg>
Package pdftex.def Info: logos/gdrive.jpg  used on input line 275.
(pdftex.def)             Requested size: 122.72574pt x 122.71768pt.

Overfull \hbox (20.45287pt too wide) has occurred while \output is active
 [][]|  []\OT1/pag/m/n/8 59/125|  
 []

[80

 <./logos/nextcloud-logo.jpg> <./logos/gdrive.jpg>]
<./logos/nextcloud-front.png, id=2224, 1927.2pt x 1084.05pt>
File: ./logos/nextcloud-front.png Graphic file (type png)
<use ./logos/nextcloud-front.png>
Package pdftex.def Info: ./logos/nextcloud-front.png  used on input line 277.
(pdftex.def)             Requested size: 331.6956pt x 186.56876pt.

Overfull \hbox (20.45287pt too wide) has occurred while \output is active
 [][]|  []\OT1/pag/m/n/8 60/125|  
 []

[81

 <./logos/nextcloud-front.png (PNG copy)>]
Overfull \hbox (20.45287pt too wide) has occurred while \output is active
 [][]|  []\OT1/pag/m/n/8 61/125|  
 []

[82

]
<./logos/chrome-wont-clear.png, id=2277, 844.15375pt x 493.845pt>
File: ./logos/chrome-wont-clear.png Graphic file (type png)
<use ./logos/chrome-wont-clear.png>
Package pdftex.def Info: ./logos/chrome-wont-clear.png  used on input line 281.

(pdftex.def)             Requested size: 331.6956pt x 194.05312pt.

Overfull \hbox (20.45287pt too wide) has occurred while \output is active
 [][]|  []\OT1/pag/m/n/8 62/125|  
 []

[83

 <./logos/chrome-wont-clear.png>]
<logos/firefox.png, id=2305, 2103.86pt x 2404.985pt>
File: logos/firefox.png Graphic file (type png)
<use logos/firefox.png>
Package pdftex.def Info: logos/firefox.png  used on input line 283.
(pdftex.def)             Requested size: 122.72574pt x 140.2562pt.
<logos/chrome.png, id=2306, 2276.505pt x 1694.33pt>
File: logos/chrome.png Graphic file (type png)
<use logos/chrome.png>
Package pdftex.def Info: logos/chrome.png  used on input line 283.
(pdftex.def)             Requested size: 122.72574pt x 91.33992pt.

Overfull \hbox (20.45287pt too wide) has occurred while \output is active
 [][]|  []\OT1/pag/m/n/8 63/125|  
 []

[84

 <./logos/firefox.png> <./logos/chrome.png (PNG copy)>]
<./logos/firefox-front.png, id=2334, 1371.1225pt x 744.7825pt>
File: ./logos/firefox-front.png Graphic file (type png)
<use ./logos/firefox-front.png>
Package pdftex.def Info: ./logos/firefox-front.png  used on input line 285.
(pdftex.def)             Requested size: 331.6956pt x 180.172pt.

Overfull \hbox (20.45287pt too wide) has occurred while \output is active
 [][]|  []\OT1/pag/m/n/8 64/125|  
 []

[85

 <./logos/firefox-front.png>]
Overfull \hbox (20.45287pt too wide) has occurred while \output is active
 [][]|  []\OT1/pag/m/n/8 65/125|  
 []

[86

]
Overfull \hbox (20.45287pt too wide) has occurred while \output is active
 [][]|  []\OT1/pag/m/n/8 65/125|  
 []

[87

]
Overfull \hbox (20.45287pt too wide) has occurred while \output is active
 [][]|  []\OT1/pag/m/n/8 65/125|  
 []

[88

]
Overfull \hbox (20.45287pt too wide) has occurred while \output is active
 [][]|  []\OT1/pag/m/n/8 65/125|  
 []

[89

]
Overfull \hbox (20.45287pt too wide) has occurred while \output is active
 [][]|  []\OT1/pag/m/n/8 65/125|  
 []

[90

]
<logos/DuckDuckGo-Logo.png, id=2493, 1010.77625pt x 667.49374pt>
File: logos/DuckDuckGo-Logo.png Graphic file (type png)
<use logos/DuckDuckGo-Logo.png>
Package pdftex.def Info: logos/DuckDuckGo-Logo.png  used on input line 303.
(pdftex.def)             Requested size: 122.72574pt x 81.043pt.
<logos/google-logo.jpg, id=2494, 941.6781pt x 413.1435pt>
File: logos/google-logo.jpg Graphic file (type jpg)
<use logos/google-logo.jpg>
Package pdftex.def Info: logos/google-logo.jpg  used on input line 303.
(pdftex.def)             Requested size: 122.72574pt x 53.84291pt.

Overfull \hbox (20.45287pt too wide) has occurred while \output is active
 [][]|  []\OT1/pag/m/n/8 66/125|  
 []

[91

 <./logos/DuckDuckGo-Logo.png> <./logos/google-logo.jpg>]
<./logos/duckduckgo-front.png, id=2524, 1371.1225pt x 744.7825pt>
File: ./logos/duckduckgo-front.png Graphic file (type png)
<use ./logos/duckduckgo-front.png>
Package pdftex.def Info: ./logos/duckduckgo-front.png  used on input line 305.
(pdftex.def)             Requested size: 331.6956pt x 180.172pt.

Overfull \hbox (20.45287pt too wide) has occurred while \output is active
 [][]|  []\OT1/pag/m/n/8 67/125|  
 []

[92

 <./logos/duckduckgo-front.png>]
Overfull \hbox (20.45287pt too wide) has occurred while \output is active
 [][]|  []\OT1/pag/m/n/8 68/125|  
 []

[93

]
Overfull \hbox (20.45287pt too wide) has occurred while \output is active
 [][]|  []\OT1/pag/m/n/8 68/125|  
 []

[94

]
Overfull \hbox (20.45287pt too wide) has occurred while \output is active
 [][]|  []\OT1/pag/m/n/8 68/125|  
 []

[95

]
Overfull \hbox (20.45287pt too wide) has occurred while \output is active
 [][]|  []\OT1/pag/m/n/8 68/125|  
 []

[96

]
Overfull \hbox (20.45287pt too wide) has occurred while \output is active
 [][]|  []\OT1/pag/m/n/8 68/125|  
 []

[97

]
<logos/latex.png, id=2683, 1401.73688pt x 671.50874pt>
File: logos/latex.png Graphic file (type png)
<use logos/latex.png>
Package pdftex.def Info: logos/latex.png  used on input line 323.
(pdftex.def)             Requested size: 122.72574pt x 58.78351pt.
<logos/MathType.jpg, id=2684, 200.75pt x 173.64874pt>
File: logos/MathType.jpg Graphic file (type jpg)
<use logos/MathType.jpg>
Package pdftex.def Info: logos/MathType.jpg  used on input line 323.
(pdftex.def)             Requested size: 122.72574pt x 106.16139pt.

Overfull \hbox (20.45287pt too wide) has occurred while \output is active
 [][]|  []\OT1/pag/m/n/8 69/125|  
 []

[98

 <./logos/latex.png> <./logos/MathType.jpg>]
<./logos/latex-front.png, id=2712, 1371.1225pt x 745.78625pt>
File: ./logos/latex-front.png Graphic file (type png)
<use ./logos/latex-front.png>
Package pdftex.def Info: ./logos/latex-front.png  used on input line 325.
(pdftex.def)             Requested size: 331.6956pt x 180.41483pt.

Overfull \hbox (20.45287pt too wide) has occurred while \output is active
 [][]|  []\OT1/pag/m/n/8 70/125|  
 []

[99

 <./logos/latex-front.png>]
Overfull \vbox (2.96364pt too high) detected at line 341
 []


Overfull \hbox (20.45287pt too wide) has occurred while \output is active
 [][]|  []\OT1/pag/m/n/8 71/125|  
 []

[100

]
Overfull \vbox (2.96364pt too high) detected at line 341
 []


Overfull \hbox (20.45287pt too wide) has occurred while \output is active
 [][]|  []\OT1/pag/m/n/8 71/125|  
 []

[101

]
Overfull \vbox (2.96364pt too high) detected at line 341
 []


Overfull \hbox (20.45287pt too wide) has occurred while \output is active
 [][]|  []\OT1/pag/m/n/8 71/125|  
 []

[102

]
Overfull \vbox (2.96364pt too high) detected at line 341
 []


Overfull \hbox (20.45287pt too wide) has occurred while \output is active
 [][]|  []\OT1/pag/m/n/8 71/125|  
 []

[103

]
Overfull \vbox (2.96364pt too high) detected at line 341
 []


Overfull \hbox (20.45287pt too wide) has occurred while \output is active
 [][]|  []\OT1/pag/m/n/8 71/125|  
 []

[104

]
<logos/calibre.png, id=2872, 1027.84pt x 1027.84pt>
File: logos/calibre.png Graphic file (type png)
<use logos/calibre.png>
Package pdftex.def Info: logos/calibre.png  used on input line 343.
(pdftex.def)             Requested size: 122.72574pt x 122.72382pt.
<logos/adobe-reader.jpeg, id=2873, 225.84375pt x 170.13562pt>
File: logos/adobe-reader.jpeg Graphic file (type jpg)
<use logos/adobe-reader.jpeg>
Package pdftex.def Info: logos/adobe-reader.jpeg  used on input line 343.
(pdftex.def)             Requested size: 122.72574pt x 92.45596pt.

Overfull \hbox (20.45287pt too wide) has occurred while \output is active
 [][]|  []\OT1/pag/m/n/8 72/125|  
 []

[105

 <./logos/calibre.png> <./logos/adobe-reader.jpeg>]
<./logos/calibre-front.png, id=2901, 1025.8325pt x 746.79pt>
File: ./logos/calibre-front.png Graphic file (type png)
<use ./logos/calibre-front.png>
Package pdftex.def Info: ./logos/calibre-front.png  used on input line 345.
(pdftex.def)             Requested size: 331.6956pt x 241.47319pt.

Overfull \vbox (20.72182pt too high) detected at line 345
 []


Overfull \hbox (20.45287pt too wide) has occurred while \output is active
 [][]|  []\OT1/pag/m/n/8 73/125|  
 []

[106

 <./logos/calibre-front.png>]
<./logos/pandoc.png, id=2928, 892.33376pt x 72.27pt>
File: ./logos/pandoc.png Graphic file (type png)
<use ./logos/pandoc.png>
Package pdftex.def Info: ./logos/pandoc.png  used on input line 347.
(pdftex.def)             Requested size: 331.6956pt x 26.86407pt.

Overfull \hbox (20.45287pt too wide) has occurred while \output is active
 [][]|  []\OT1/pag/m/n/8 74/125|  
 []

[107

 <./logos/pandoc.png>]
<./logos/pandoc-front.png, id=2955, 993.7125pt x 576.1525pt>
File: ./logos/pandoc-front.png Graphic file (type png)
<use ./logos/pandoc-front.png>
Package pdftex.def Info: ./logos/pandoc-front.png  used on input line 349.
(pdftex.def)             Requested size: 331.6956pt x 192.31995pt.

Overfull \hbox (20.45287pt too wide) has occurred while \output is active
 [][]|  []\OT1/pag/m/n/8 75/125|  
 []

[108

 <./logos/pandoc-front.png>]
Overfull \hbox (20.45287pt too wide) has occurred while \output is active
 [][]|  []\OT1/pag/m/n/8 76/125|  
 []

[109

]
<./logos/audacity.png, id=3010, 609.27625pt x 178.6675pt>
File: ./logos/audacity.png Graphic file (type png)
<use ./logos/audacity.png>
Package pdftex.def Info: ./logos/audacity.png  used on input line 359.
(pdftex.def)             Requested size: 331.6956pt x 97.2696pt.

Overfull \hbox (20.45287pt too wide) has occurred while \output is active
 [][]|  []\OT1/pag/m/n/8 77/125|  
 []

[110

 <./logos/audacity.png (PNG copy)>]
<./logos/audacity-front.png, id=3037, 943.525pt x 698.61pt>
File: ./logos/audacity-front.png Graphic file (type png)
<use ./logos/audacity-front.png>
Package pdftex.def Info: ./logos/audacity-front.png  used on input line 361.
(pdftex.def)             Requested size: 331.6956pt x 245.59381pt.

Overfull \vbox (24.84244pt too high) detected at line 361
 []


Overfull \hbox (20.45287pt too wide) has occurred while \output is active
 [][]|  []\OT1/pag/m/n/8 78/125|  
 []

[111

 <./logos/audacity-front.png>]
<./logos/obs.jpg, id=3065, 1204.5pt x 632.3625pt>
File: ./logos/obs.jpg Graphic file (type jpg)
<use ./logos/obs.jpg>
Package pdftex.def Info: ./logos/obs.jpg  used on input line 363.
(pdftex.def)             Requested size: 331.6956pt x 174.13663pt.

Overfull \hbox (20.45287pt too wide) has occurred while \output is active
 [][]|  []\OT1/pag/m/n/8 79/125|  
 []

[112

 <./logos/obs.jpg>]
<./logos/obs-front.jpg, id=3092, 1091.07625pt x 765.86125pt>
File: ./logos/obs-front.jpg Graphic file (type jpg)
<use ./logos/obs-front.jpg>
Package pdftex.def Info: ./logos/obs-front.jpg  used on input line 365.
(pdftex.def)             Requested size: 331.6956pt x 232.8219pt.

Overfull \vbox (12.07053pt too high) detected at line 365
 []


Overfull \hbox (20.45287pt too wide) has occurred while \output is active
 [][]|  []\OT1/pag/m/n/8 80/125|  
 []

[113

 <./logos/obs-front.jpg>]
<./logos/youtube-dl.jpg, id=3119, 1927.2pt x 1084.05pt>
File: ./logos/youtube-dl.jpg Graphic file (type jpg)
<use ./logos/youtube-dl.jpg>
Package pdftex.def Info: ./logos/youtube-dl.jpg  used on input line 367.
(pdftex.def)             Requested size: 331.6956pt x 186.56876pt.

Overfull \hbox (20.45287pt too wide) has occurred while \output is active
 [][]|  []\OT1/pag/m/n/8 81/125|  
 []

[114

 <./logos/youtube-dl.jpg>]
<./logos/youtube-dl-front.png, id=3146, 819.06pt x 436.63126pt>
File: ./logos/youtube-dl-front.png Graphic file (type png)
<use ./logos/youtube-dl-front.png>
Package pdftex.def Info: ./logos/youtube-dl-front.png  used on input line 369.
(pdftex.def)             Requested size: 331.6956pt x 176.82802pt.

Overfull \hbox (20.45287pt too wide) has occurred while \output is active
 [][]|  []\OT1/pag/m/n/8 82/125|  
 []

[115

 <./logos/youtube-dl-front.png>]
<./logos/kdenlive.png, id=3176, 571.736pt x 124.465pt>
File: ./logos/kdenlive.png Graphic file (type png)
<use ./logos/kdenlive.png>
Package pdftex.def Info: ./logos/kdenlive.png  used on input line 371.
(pdftex.def)             Requested size: 331.6956pt x 72.21063pt.

Overfull \hbox (20.45287pt too wide) has occurred while \output is active
 [][]|  []\OT1/pag/m/n/8 83/125|  
 []

[116

 <./logos/kdenlive.png>]
<./logos/kdenlive-front.jpg, id=3204, 1084.05pt x 677.53125pt>
File: ./logos/kdenlive-front.jpg Graphic file (type jpg)
<use ./logos/kdenlive-front.jpg>
Package pdftex.def Info: ./logos/kdenlive-front.jpg  used on input line 373.
(pdftex.def)             Requested size: 331.6956pt x 207.3032pt.

Overfull \hbox (20.45287pt too wide) has occurred while \output is active
 [][]|  []\OT1/pag/m/n/8 84/125|  
 []

[117

 <./logos/kdenlive-front.jpg>]
<logos/gimp.jpg, id=3231, 475.7775pt x 475.7775pt>
File: logos/gimp.jpg Graphic file (type jpg)
<use logos/gimp.jpg>
Package pdftex.def Info: logos/gimp.jpg  used on input line 375.
(pdftex.def)             Requested size: 122.72574pt x 122.72641pt.
<logos/photoshop.png, id=3232, 2007.5pt x 1974.37625pt>
File: logos/photoshop.png Graphic file (type png)
<use logos/photoshop.png>
Package pdftex.def Info: logos/photoshop.png  used on input line 375.
(pdftex.def)             Requested size: 122.72574pt x 120.68683pt.

Overfull \hbox (20.45287pt too wide) has occurred while \output is active
 [][]|  []\OT1/pag/m/n/8 85/125|  
 []

[118

 <./logos/gimp.jpg> <./logos/photoshop.png>]
<./logos/gimp-front.jpg, id=3259, 744.53156pt x 412.54124pt>
File: ./logos/gimp-front.jpg Graphic file (type jpg)
<use ./logos/gimp-front.jpg>
Package pdftex.def Info: ./logos/gimp-front.jpg  used on input line 377.
(pdftex.def)             Requested size: 331.6956pt x 183.79744pt.

Overfull \hbox (20.45287pt too wide) has occurred while \output is active
 [][]|  []\OT1/pag/m/n/8 86/125|  
 []

[119

 <./logos/gimp-front.jpg>]
Overfull \hbox (20.45287pt too wide) has occurred while \output is active
 [][]|  []\OT1/pag/m/n/8 87/125|  
 []

[120

]
Overfull \hbox (20.45287pt too wide) has occurred while \output is active
 [][]|  []\OT1/pag/m/n/8 88/125|  
 []

[121

]
<./logos/google-misled-users.png, id=3340, 878.28125pt x 616.3025pt>
File: ./logos/google-misled-users.png Graphic file (type png)
<use ./logos/google-misled-users.png>
Package pdftex.def Info: ./logos/google-misled-users.png  used on input line 38
9.
(pdftex.def)             Requested size: 331.6956pt x 232.75856pt.

Overfull \hbox (20.45287pt too wide) has occurred while \output is active
 [][]|  []\OT1/pag/m/n/8 89/125|  
 []

[122

 <./logos/google-misled-users.png>]
<logos/jitsi-meet.png, id=3367, 1082.0425pt x 352.31625pt>
File: logos/jitsi-meet.png Graphic file (type png)
<use logos/jitsi-meet.png>
Package pdftex.def Info: logos/jitsi-meet.png  used on input line 391.
(pdftex.def)             Requested size: 122.72574pt x 39.9591pt.
<logos/google-meet.jpg, id=3368, 2032.59375pt x 1830.84pt>
File: logos/google-meet.jpg Graphic file (type jpg)
<use logos/google-meet.jpg>
Package pdftex.def Info: logos/google-meet.jpg  used on input line 391.
(pdftex.def)             Requested size: 122.72574pt x 110.54407pt.

Overfull \hbox (20.45287pt too wide) has occurred while \output is active
 [][]|  []\OT1/pag/m/n/8 90/125|  
 []

[123

 <./logos/jitsi-meet.png> <./logos/google-meet.jpg>]
<./logos/jitsi-meet-front.png, id=3397, 1371.1225pt x 744.7825pt>
File: ./logos/jitsi-meet-front.png Graphic file (type png)
<use ./logos/jitsi-meet-front.png>
Package pdftex.def Info: ./logos/jitsi-meet-front.png  used on input line 393.
(pdftex.def)             Requested size: 331.6956pt x 180.172pt.

Overfull \hbox (20.45287pt too wide) has occurred while \output is active
 [][]|  []\OT1/pag/m/n/8 91/125|  
 []

[124

 <./logos/jitsi-meet-front.png>]
<logos/wbo-logo.png, id=3424, 48.18pt x 48.18pt>
File: logos/wbo-logo.png Graphic file (type png)
<use logos/wbo-logo.png>
Package pdftex.def Info: logos/wbo-logo.png  used on input line 395.
(pdftex.def)             Requested size: 122.72574pt x 122.72571pt.
<logos/jamboard-logo.png, id=3425, 852.0633pt x 341.3553pt>
File: logos/jamboard-logo.png Graphic file (type png)
<use logos/jamboard-logo.png>
Package pdftex.def Info: logos/jamboard-logo.png  used on input line 395.
(pdftex.def)             Requested size: 122.72574pt x 49.16449pt.

Overfull \hbox (20.45287pt too wide) has occurred while \output is active
 [][]|  []\OT1/pag/m/n/8 92/125|  
 []

[125

 <./logos/wbo-logo.png> <./logos/jamboard-logo.png>]
<./logos/wbo-whiteboard-front.png, id=3454, 1371.1225pt x 743.77875pt>
File: ./logos/wbo-whiteboard-front.png Graphic file (type png)
<use ./logos/wbo-whiteboard-front.png>
Package pdftex.def Info: ./logos/wbo-whiteboard-front.png  used on input line 3
97.
(pdftex.def)             Requested size: 331.6956pt x 179.92918pt.

Overfull \hbox (20.45287pt too wide) has occurred while \output is active
 [][]|  []\OT1/pag/m/n/8 93/125|  
 []

[126

 <./logos/wbo-whiteboard-front.png>]
<./logos/wbo-whiteboard-sample.png, id=3482, 1371.1225pt x 743.77875pt>
File: ./logos/wbo-whiteboard-sample.png Graphic file (type png)
<use ./logos/wbo-whiteboard-sample.png>
Package pdftex.def Info: ./logos/wbo-whiteboard-sample.png  used on input line 
399.
(pdftex.def)             Requested size: 331.6956pt x 179.92918pt.

Overfull \hbox (20.45287pt too wide) has occurred while \output is active
 [][]|  []\OT1/pag/m/n/8 94/125|  
 []

[127

 <./logos/wbo-whiteboard-sample.png>]
<./logos/wbo-grid.png, id=3512, 1371.1225pt x 743.77875pt>
File: ./logos/wbo-grid.png Graphic file (type png)
<use ./logos/wbo-grid.png>
Package pdftex.def Info: ./logos/wbo-grid.png  used on input line 401.
(pdftex.def)             Requested size: 331.6956pt x 179.92918pt.

Overfull \hbox (20.45287pt too wide) has occurred while \output is active
 [][]|  []\OT1/pag/m/n/8 95/125|  
 []

[128

 <./logos/wbo-grid.png>]
Overfull \hbox (20.45287pt too wide) has occurred while \output is active
 [][]|  []\OT1/pag/m/n/8 96/125|  
 []

[129

]
<./logos/case-against-fb.png, id=3566, 755.82375pt x 627.34375pt>
File: ./logos/case-against-fb.png Graphic file (type png)
<use ./logos/case-against-fb.png>
Package pdftex.def Info: ./logos/case-against-fb.png  used on input line 405.
(pdftex.def)             Requested size: 331.6956pt x 275.31416pt.

Overfull \vbox (21.38947pt too high) detected at line 405
 []


Overfull \hbox (20.45287pt too wide) has occurred while \output is active
 [][]|  []\OT1/pag/m/n/8 97/125|  
 []

[130

 <./logos/case-against-fb.png>]
Overfull \hbox (20.45287pt too wide) has occurred while \output is active
 [][]|  []\OT1/pag/m/n/8 98/125|  
 []

[131

]
<./logos/messenger-leak.png, id=3620, 918.43124pt x 525.965pt>
File: ./logos/messenger-leak.png Graphic file (type png)
<use ./logos/messenger-leak.png>
Package pdftex.def Info: ./logos/messenger-leak.png  used on input line 409.
(pdftex.def)             Requested size: 331.6956pt x 189.95718pt.

Overfull \hbox (20.45287pt too wide) has occurred while \output is active
 [][]|  []\OT1/pag/m/n/8 99/125|  
 []

[132

 <./logos/messenger-leak.png>]
<logos/telegram.png, id=3647, 109.40527pt x 101.5906pt>
File: logos/telegram.png Graphic file (type png)
<use logos/telegram.png>
Package pdftex.def Info: logos/telegram.png  used on input line 411.
(pdftex.def)             Requested size: 122.72574pt x 113.96515pt.
<logos/messenger.png, id=3648, 3739.9725pt x 3764.0625pt>
File: logos/messenger.png Graphic file (type png)
<use logos/messenger.png>
Package pdftex.def Info: logos/messenger.png  used on input line 411.
(pdftex.def)             Requested size: 122.72574pt x 123.48502pt.

Overfull \hbox (24.8848pt too wide) has occurred while \output is active
 [][]|  []\OT1/pag/m/n/8 100/125|  
 []

[133

 <./logos/telegram.png> <./logos/messenger.png>]
<./logos/telegram-front.jpg, id=3678, 542.025pt x 963.6pt>
File: ./logos/telegram-front.jpg Graphic file (type jpg)
<use ./logos/telegram-front.jpg>
Package pdftex.def Info: ./logos/telegram-front.jpg  used on input line 418.
(pdftex.def)             Requested size: 129.05482pt x 229.43066pt.

Overfull \vbox (20.67929pt too high) detected at line 418
 []


Overfull \hbox (24.8848pt too wide) has occurred while \output is active
 [][]|  []\OT1/pag/m/n/8 101/125|  
 []

[134

 <./logos/telegram-front.jpg>]
<./logos/telegram-2nd.png, id=3705, 1371.1225pt x 745.78625pt>
File: ./logos/telegram-2nd.png Graphic file (type png)
<use ./logos/telegram-2nd.png>
Package pdftex.def Info: ./logos/telegram-2nd.png  used on input line 420.
(pdftex.def)             Requested size: 331.6956pt x 180.41483pt.

Overfull \hbox (24.8848pt too wide) has occurred while \output is active
 [][]|  []\OT1/pag/m/n/8 102/125|  
 []

[135

 <./logos/telegram-2nd.png>]
<./logos/telegram-web.png, id=3733, 1371.1225pt x 743.77875pt>
File: ./logos/telegram-web.png Graphic file (type png)
<use ./logos/telegram-web.png>
Package pdftex.def Info: ./logos/telegram-web.png  used on input line 422.
(pdftex.def)             Requested size: 331.6956pt x 179.92918pt.

Overfull \hbox (24.8848pt too wide) has occurred while \output is active
 [][]|  []\OT1/pag/m/n/8 103/125|  
 []

[136

 <./logos/telegram-web.png>]
Overfull \hbox (24.8848pt too wide) has occurred while \output is active
 [][]|  []\OT1/pag/m/n/8 104/125|  
 []

[137

]
Overfull \hbox (24.8848pt too wide) has occurred while \output is active
 [][]|  []\OT1/pag/m/n/8 104/125|  
 []

[138

]
Overfull \hbox (24.8848pt too wide) has occurred while \output is active
 [][]|  []\OT1/pag/m/n/8 104/125|  
 []

[139

]
Overfull \hbox (24.8848pt too wide) has occurred while \output is active
 [][]|  []\OT1/pag/m/n/8 104/125|  
 []

[140

]
Overfull \hbox (24.8848pt too wide) has occurred while \output is active
 [][]|  []\OT1/pag/m/n/8 104/125|  
 []

[141

]
Overfull \hbox (24.8848pt too wide) has occurred while \output is active
 [][]|  []\OT1/pag/m/n/8 104/125|  
 []

[142

]
Overfull \hbox (24.8848pt too wide) has occurred while \output is active
 [][]|  []\OT1/pag/m/n/8 105/125|  
 []

[143

]
<./logos/autochecker.png, id=3944, 823.075pt x 485.815pt>
File: ./logos/autochecker.png Graphic file (type png)
<use ./logos/autochecker.png>
Package pdftex.def Info: ./logos/autochecker.png  used on input line 447.
(pdftex.def)             Requested size: 331.6956pt x 195.7829pt.

Overfull \hbox (24.8848pt too wide) has occurred while \output is active
 [][]|  []\OT1/pag/m/n/8 106/125|  
 []

[144

 <./logos/autochecker.png>]
Overfull \hbox (24.8848pt too wide) has occurred while \output is active
 [][]|  []\OT1/pag/m/n/8 107/125|  
 []

[145

]
Overfull \hbox (24.8848pt too wide) has occurred while \output is active
 [][]|  []\OT1/pag/m/n/8 107/125|  
 []

[146

]
Overfull \hbox (24.8848pt too wide) has occurred while \output is active
 [][]|  []\OT1/pag/m/n/8 108/125|  
 []

[147

]
Overfull \hbox (24.8848pt too wide) has occurred while \output is active
 [][]|  []\OT1/pag/m/n/8 108/125|  
 []

[148

]
Overfull \hbox (24.8848pt too wide) has occurred while \output is active
 [][]|  []\OT1/pag/m/n/8 108/125|  
 []

[149

]
Overfull \hbox (24.8848pt too wide) has occurred while \output is active
 [][]|  []\OT1/pag/m/n/8 108/125|  
 []

[150

]
Overfull \hbox (24.8848pt too wide) has occurred while \output is active
 [][]|  []\OT1/pag/m/n/8 108/125|  
 []

[151

]
Overfull \hbox (24.8848pt too wide) has occurred while \output is active
 [][]|  []\OT1/pag/m/n/8 109/125|  
 []

[152

]
Overfull \hbox (24.8848pt too wide) has occurred while \output is active
 [][]|  []\OT1/pag/m/n/8 109/125|  
 []

[153

]
Overfull \hbox (24.8848pt too wide) has occurred while \output is active
 [][]|  []\OT1/pag/m/n/8 110/125|  
 []

[154

]
<./logos/ans-key.png, id=4236, 456.70625pt x 301.125pt>
File: ./logos/ans-key.png Graphic file (type png)
<use ./logos/ans-key.png>
Package pdftex.def Info: ./logos/ans-key.png  used on input line 491.
(pdftex.def)             Requested size: 331.6956pt x 218.70747pt.

Overfull \hbox (24.8848pt too wide) has occurred while \output is active
 [][]|  []\OT1/pag/m/n/8 111/125|  
 []

[155

 <./logos/ans-key.png>]
<./logos/send-worksheet.png, id=4265, 676.5275pt x 473.77pt>
File: ./logos/send-worksheet.png Graphic file (type png)
<use ./logos/send-worksheet.png>
Package pdftex.def Info: ./logos/send-worksheet.png  used on input line 493.
(pdftex.def)             Requested size: 331.6956pt x 232.29391pt.

Overfull \vbox (11.54254pt too high) detected at line 493
 []


Overfull \hbox (24.8848pt too wide) has occurred while \output is active
 [][]|  []\OT1/pag/m/n/8 112/125|  
 []

[156

 <./logos/send-worksheet.png>]
<./logos/copy-input.png, id=4292, 684.5575pt x 389.455pt>
File: ./logos/copy-input.png Graphic file (type png)
<use ./logos/copy-input.png>
Package pdftex.def Info: ./logos/copy-input.png  used on input line 495.
(pdftex.def)             Requested size: 331.6956pt x 188.7131pt.

Overfull \hbox (24.8848pt too wide) has occurred while \output is active
 [][]|  []\OT1/pag/m/n/8 113/125|  
 []

[157

 <./logos/copy-input.png>]
<./logos/paste-to-app.png, id=4320, 823.075pt x 485.815pt>
File: ./logos/paste-to-app.png Graphic file (type png)
<use ./logos/paste-to-app.png>
Package pdftex.def Info: ./logos/paste-to-app.png  used on input line 497.
(pdftex.def)             Requested size: 331.6956pt x 195.7829pt.

Overfull \hbox (24.8848pt too wide) has occurred while \output is active
 [][]|  []\OT1/pag/m/n/8 114/125|  
 []

[158

 <./logos/paste-to-app.png>]
<./logos/type-assessment.png, id=4348, 823.075pt x 485.815pt>
File: ./logos/type-assessment.png Graphic file (type png)
<use ./logos/type-assessment.png>
Package pdftex.def Info: ./logos/type-assessment.png  used on input line 499.
(pdftex.def)             Requested size: 331.6956pt x 195.7829pt.

Overfull \hbox (24.8848pt too wide) has occurred while \output is active
 [][]|  []\OT1/pag/m/n/8 115/125|  
 []

[159

 <./logos/type-assessment.png>]
<./logos/browse-folder.png, id=4377, 823.075pt x 485.815pt>
File: ./logos/browse-folder.png Graphic file (type png)
<use ./logos/browse-folder.png>
Package pdftex.def Info: ./logos/browse-folder.png  used on input line 501.
(pdftex.def)             Requested size: 331.6956pt x 195.7829pt.

Overfull \hbox (24.8848pt too wide) has occurred while \output is active
 [][]|  []\OT1/pag/m/n/8 116/125|  
 []

[160

 <./logos/browse-folder.png>]
<./logos/browse-ans-key.png, id=4405, 823.075pt x 485.815pt>
File: ./logos/browse-ans-key.png Graphic file (type png)
<use ./logos/browse-ans-key.png>
Package pdftex.def Info: ./logos/browse-ans-key.png  used on input line 503.
(pdftex.def)             Requested size: 331.6956pt x 195.7829pt.

Overfull \hbox (24.8848pt too wide) has occurred while \output is active
 [][]|  []\OT1/pag/m/n/8 117/125|  
 []

[161

 <./logos/browse-ans-key.png>]
<./logos/submit.png, id=4433, 823.075pt x 485.815pt>
File: ./logos/submit.png Graphic file (type png)
<use ./logos/submit.png>
Package pdftex.def Info: ./logos/submit.png  used on input line 505.
(pdftex.def)             Requested size: 331.6956pt x 195.7829pt.

Overfull \hbox (24.8848pt too wide) has occurred while \output is active
 [][]|  []\OT1/pag/m/n/8 118/125|  
 []

[162

 <./logos/submit.png>]
<./logos/save.png, id=4461, 823.075pt x 485.815pt>
File: ./logos/save.png Graphic file (type png)
<use ./logos/save.png>
Package pdftex.def Info: ./logos/save.png  used on input line 507.
(pdftex.def)             Requested size: 331.6956pt x 195.7829pt.

Overfull \hbox (24.8848pt too wide) has occurred while \output is active
 [][]|  []\OT1/pag/m/n/8 119/125|  
 []

[163

 <./logos/save.png>]
<./logos/output-folder.png, id=4491, 744.7825pt x 450.68375pt>
File: ./logos/output-folder.png Graphic file (type png)
<use ./logos/output-folder.png>
Package pdftex.def Info: ./logos/output-folder.png  used on input line 509.
(pdftex.def)             Requested size: 331.6956pt x 200.7221pt.

Overfull \hbox (24.8848pt too wide) has occurred while \output is active
 [][]|  []\OT1/pag/m/n/8 120/125|  
 []

[164

 <./logos/output-folder.png>]
<./logos/record.png, id=4519, 864.22874pt x 568.1225pt>
File: ./logos/record.png Graphic file (type png)
<use ./logos/record.png>
Package pdftex.def Info: ./logos/record.png  used on input line 511.
(pdftex.def)             Requested size: 331.6956pt x 218.04732pt.

Overfull \hbox (24.8848pt too wide) has occurred while \output is active
 [][]|  []\OT1/pag/m/n/8 121/125|  
 []

[165

 <./logos/record.png>]
Overfull \hbox (24.8848pt too wide) has occurred while \output is active
 [][]|  []\OT1/pag/m/n/8 122/125|  
 []

[166

]
Overfull \hbox (24.8848pt too wide) has occurred while \output is active
 [][]|  []\OT1/pag/m/n/8 123/125|  
 []

[167

]
Overfull \hbox (24.8848pt too wide) has occurred while \output is active
 [][]|  []\OT1/pag/m/n/8 124/125|  
 []

[168

]
Overfull \hbox (24.8848pt too wide) has occurred while \output is active
 [][]|  []\OT1/pag/m/n/8 125/125|  
 []

[169

]
\tf@nav=\write6
\tf@toc=\write7
\tf@snm=\write8
Package atveryend Info: Empty hook `BeforeClearDocument' on input line 582.
Package atveryend Info: Empty hook `AfterLastShipout' on input line 582.
 (./foss-for-online-teaching.aux)
Package atveryend Info: Executing hook `AtVeryEndDocument' on input line 582.
Package atveryend Info: Executing hook `AtEndAfterFileList' on input line 582.
Package rerunfilecheck Info: File `foss-for-online-teaching.out' has not change
d.
(rerunfilecheck)             Checksum: AE01E04A3502D30A2CF49BBAC315E55C;328.
 ) 
Here is how much of TeX's memory you used:
 19588 strings out of 480478
 371426 string characters out of 5905958
 608586 words of memory out of 5000000
 34702 multiletter control sequences out of 15000+600000
 551010 words of font info for 57 fonts, out of 8000000 for 9000
 1141 hyphenation exceptions out of 8191
 58i,15n,67p,822b,605s stack positions out of 5000i,500n,10000p,200000b,80000s
{/usr/share/texmf-dist/fonts/enc/dvips/base/8r.enc}</usr/share/texmf-dist/fon
ts/type1/public/amsfonts/cm/cmss17.pfb></usr/share/texmf-dist/fonts/type1/publi
c/amsfonts/cm/cmsy10.pfb></usr/share/texmf-dist/fonts/type1/urw/avantgar/uagd8a
.pfb></usr/share/texmf-dist/fonts/type1/urw/avantgar/uagk8a.pfb>
Output written on foss-for-online-teaching.pdf (169 pages, 11186941 bytes).
PDF statistics:
 4746 PDF objects out of 5155 (max. 8388607)
 4388 compressed objects within 44 object streams
 345 named destinations out of 1000 (max. 500000)
 591 words of extra memory for PDF output out of 10000 (max. 10000000)

